    {
        "EventRawXML": "<Event xmlns='http://schemas.microsoft.com/win/2004/08/events/event'><System><Provider Name='Microsoft-Windows-Sysmon' Guid='{5770385f-c22a-43e0-bf4c-06f5698ffbd9}'/><EventID>1</EventID><Version>5</Version><Level>4</Level><Task>1</Task><Opcode>0</Opcode><Keywords>0x8000000000000000</Keywords><TimeCreated SystemTime='2025-06-19T12:23:55.0812274Z'/><EventRecordID>49857</EventRecordID><Correlation/><Execution ProcessID='5248' ThreadID='7584'/><Channel>Microsoft-Windows-Sysmon/Operational</Channel><Computer>DESKTOP-TVP7N18</Computer><Security UserID='S-1-5-18'/></System><EventData><Data Name='RuleName'>-</Data><Data Name='UtcTime'>2025-06-19 12:23:55.080</Data><Data Name='ProcessGuid'>{67c6cbf5-015b-6854-3a08-000000001b00}</Data><Data Name='ProcessId'>3452</Data><Data Name='Image'>C:\\Windows\\SysWOW64\\CheckNetIsolation.exe</Data><Data Name='FileVersion'>10.0.26100.1882 (WinBuild.160101.0800)</Data><Data Name='Description'>AppContainer Network Isolation Diagnostic Tool</Data><Data Name='Product'>Microsoft® Windows® Operating System</Data><Data Name='Company'>Microsoft Corporation</Data><Data Name='OriginalFileName'>CheckNetIsolation.exe</Data><Data Name='CommandLine'>CheckNetIsolation.exe LoopbackExempt -a -n=\"Microsoft.MicrosoftEdge_8wekyb3d8bbwe\"</Data><Data Name='CurrentDirectory'>C:\\WINDOWS\\system32\\</Data><Data Name='User'>NT AUTHORITY\\SYSTEM</Data><Data Name='LogonGuid'>{67c6cbf5-dc1c-6853-e703-000000000000}</Data><Data Name='LogonId'>0x3e7</Data><Data Name='TerminalSessionId'>0</Data><Data Name='IntegrityLevel'>System</Data><Data Name='Hashes'>MD5=2AFD61BAB705AB20C67A5812747C6F5E,SHA256=FC923DE253D6952F9EBE0EB86BF14FF5A5781C880A243C67760418A8E37E1AB0,IMPHASH=68A876096D29AB35CC11C71C16B35D0E</Data><Data Name='ParentProcessGuid'>{67c6cbf5-015a-6854-3908-000000001b00}</Data><Data Name='ParentProcessId'>3668</Data><Data Name='ParentImage'>C:\\Program Files (x86)\\Sangfor\\SSL\\ECAgent\\ECAgent.exe</Data><Data Name='ParentCommandLine'>\"C:\\Program Files (x86)\\Sangfor\\SSL\\ECAgent\\ECAgent.exe\" --import-sys --enable-loopback</Data><Data Name='ParentUser'>NT AUTHORITY\\SYSTEM</Data></EventData></Event>"
    },
    {
        "EventRawXML": "<Event xmlns='http://schemas.microsoft.com/win/2004/08/events/event'><System><Provider Name='Microsoft-Windows-Sysmon' Guid='{5770385f-c22a-43e0-bf4c-06f5698ffbd9}'/><EventID>1</EventID><Version>5</Version><Level>4</Level><Task>1</Task><Opcode>0</Opcode><Keywords>0x8000000000000000</Keywords><TimeCreated SystemTime='2025-06-19T12:23:55.0538702Z'/><EventRecordID>49856</EventRecordID><Correlation/><Execution ProcessID='5248' ThreadID='7584'/><Channel>Microsoft-Windows-Sysmon/Operational</Channel><Computer>DESKTOP-TVP7N18</Computer><Security UserID='S-1-5-18'/></System><EventData><Data Name='RuleName'>-</Data><Data Name='UtcTime'>2025-06-19 12:23:54.995</Data><Data Name='ProcessGuid'>{67c6cbf5-015a-6854-3908-000000001b00}</Data><Data Name='ProcessId'>3668</Data><Data Name='Image'>C:\\Program Files (x86)\\Sangfor\\SSL\\ECAgent\\ECAgent.exe</Data><Data Name='FileVersion'>7.6.7.201</Data><Data Name='Description'>Agent for EasyConnect</Data><Data Name='Product'>ECAgent</Data><Data Name='Company'>Sangfor Technologies Inc.</Data><Data Name='OriginalFileName'>ECAgent.exe</Data><Data Name='CommandLine'>\"C:\\Program Files (x86)\\Sangfor\\SSL\\ECAgent\\ECAgent.exe\" --import-sys --enable-loopback</Data><Data Name='CurrentDirectory'>C:\\WINDOWS\\system32\\</Data><Data Name='User'>NT AUTHORITY\\SYSTEM</Data><Data Name='LogonGuid'>{67c6cbf5-dc1c-6853-e703-000000000000}</Data><Data Name='LogonId'>0x3e7</Data><Data Name='TerminalSessionId'>0</Data><Data Name='IntegrityLevel'>System</Data><Data Name='Hashes'>MD5=1CC0F751A7CFA2A3E0DB16F888F4B137,SHA256=C1ED4A515F21E2F2653D78C7DC6314C1C96EBE7F7AF0E3853E4F1A88A9552F15,IMPHASH=E7026603648A42654A201B60FBC06147</Data><Data Name='ParentProcessGuid'>{67c6cbf5-dc1d-6853-6400-000000001b00}</Data><Data Name='ParentProcessId'>5104</Data><Data Name='ParentImage'>C:\\Program Files (x86)\\Sangfor\\SSL\\Promote\\SangforPromoteService.exe</Data><Data Name='ParentCommandLine'>\"C:\\Program Files (x86)\\Sangfor\\SSL\\Promote\\SangforPromoteService.exe\"</Data><Data Name='ParentUser'>NT AUTHORITY\\SYSTEM</Data></EventData></Event>"
    },
    {
        "EventRawXML": "<Event xmlns='http://schemas.microsoft.com/win/2004/08/events/event'><System><Provider Name='Microsoft-Windows-Sysmon' Guid='{5770385f-c22a-43e0-bf4c-06f5698ffbd9}'/><EventID>1</EventID><Version>5</Version><Level>4</Level><Task>1</Task><Opcode>0</Opcode><Keywords>0x8000000000000000</Keywords><TimeCreated SystemTime='2025-06-19T12:23:54.9737330Z'/><EventRecordID>49855</EventRecordID><Correlation/><Execution ProcessID='5248' ThreadID='7584'/><Channel>Microsoft-Windows-Sysmon/Operational</Channel><Computer>DESKTOP-TVP7N18</Computer><Security UserID='S-1-5-18'/></System><EventData><Data Name='RuleName'>-</Data><Data Name='UtcTime'>2025-06-19 12:23:54.930</Data><Data Name='ProcessGuid'>{67c6cbf5-015a-6854-3808-000000001b00}</Data><Data Name='ProcessId'>6096</Data><Data Name='Image'>C:\\Program Files (x86)\\Sangfor\\SSL\\ECAgent\\ECAgent.exe</Data><Data Name='FileVersion'>7.6.7.201</Data><Data Name='Description'>Agent for EasyConnect</Data><Data Name='Product'>ECAgent</Data><Data Name='Company'>Sangfor Technologies Inc.</Data><Data Name='OriginalFileName'>ECAgent.exe</Data><Data Name='CommandLine'>\"C:\\Program Files (x86)\\Sangfor\\SSL\\ECAgent\\ECAgent.exe\" --import-nss --enable-ie-loopback</Data><Data Name='CurrentDirectory'>C:\\WINDOWS\\system32\\</Data><Data Name='User'>DESKTOP-TVP7N18\\User</Data><Data Name='LogonGuid'>{67c6cbf5-dc2b-6853-b5b4-100000000000}</Data><Data Name='LogonId'>0x10b4b5</Data><Data Name='TerminalSessionId'>1</Data><Data Name='IntegrityLevel'>Medium</Data><Data Name='Hashes'>MD5=1CC0F751A7CFA2A3E0DB16F888F4B137,SHA256=C1ED4A515F21E2F2653D78C7DC6314C1C96EBE7F7AF0E3853E4F1A88A9552F15,IMPHASH=E7026603648A42654A201B60FBC06147</Data><Data Name='ParentProcessGuid'>{67c6cbf5-dc1d-6853-6400-000000001b00}</Data><Data Name='ParentProcessId'>5104</Data><Data Name='ParentImage'>C:\\Program Files (x86)\\Sangfor\\SSL\\Promote\\SangforPromoteService.exe</Data><Data Name='ParentCommandLine'>\"C:\\Program Files (x86)\\Sangfor\\SSL\\Promote\\SangforPromoteService.exe\"</Data><Data Name='ParentUser'>NT AUTHORITY\\SYSTEM</Data></EventData></Event>"
    }
]