[
    {
        "EventRawXML": "<Event xmlns='http://schemas.microsoft.com/win/2004/08/events/event'><System><Provider Name='Microsoft-Windows-Sysmon' Guid='{5770385f-c22a-43e0-bf4c-06f5698ffbd9}'/><EventID>1</EventID><Version>5</Version><Level>4</Level><Task>1</Task><Opcode>0</Opcode><Keywords>0x8000000000000000</Keywords><TimeCreated SystemTime='2025-06-19T12:32:20.6588202Z'/><EventRecordID>49904</EventRecordID><Correlation/><Execution ProcessID='5248' ThreadID='7584'/><Channel>Microsoft-Windows-Sysmon/Operational</Channel><Computer>DESKTOP-TVP7N18</Computer><Security UserID='S-1-5-18'/></System><EventData><Data Name='RuleName'>-</Data><Data Name='UtcTime'>2025-06-19 12:32:20.656</Data><Data Name='ProcessGuid'>{67c6cbf5-0354-6854-7f08-000000001b00}</Data><Data Name='ProcessId'>10476</Data><Data Name='Image'>C:\\Windows\\System32\\consent.exe</Data><Data Name='FileVersion'>10.0.26100.3624 (WinBuild.160101.0800)</Data><Data Name='Description'>Consent UI for administrative applications</Data><Data Name='Product'>Microsoft® Windows® Operating System</Data><Data Name='Company'>Microsoft Corporation</Data><Data Name='OriginalFileName'>consent.exe</Data><Data Name='CommandLine'>consent.exe 12128 634 000001F35C80A040</Data><Data Name='CurrentDirectory'>C:\\WINDOWS\\system32\\</Data><Data Name='User'>NT AUTHORITY\\SYSTEM</Data><Data Name='LogonGuid'>{67c6cbf5-dc1c-6853-e703-000000000000}</Data><Data Name='LogonId'>0x3e7</Data><Data Name='TerminalSessionId'>1</Data><Data Name='IntegrityLevel'>System</Data><Data Name='Hashes'>MD5=0D794E613F019A69EB916BABA9C8532A,SHA256=0E454B6FBF965AC4F3C7EF30AEA965BF882B840CD27D76116EFEF84FE6318A09,IMPHASH=6295549926DB1B76730A1AECFA6A0B1F</Data><Data Name='ParentProcessGuid'>{67c6cbf5-dc2e-6853-db00-000000001b00}</Data><Data Name='ParentProcessId'>12128</Data><Data Name='ParentImage'>C:\\Windows\\System32\\svchost.exe</Data><Data Name='ParentCommandLine'>C:\\WINDOWS\\system32\\svchost.exe -k netsvcs -p -s Appinfo</Data><Data Name='ParentUser'>NT AUTHORITY\\SYSTEM</Data></EventData></Event>"
    },
    {
        "EventRawXML": "<Event xmlns='http://schemas.microsoft.com/win/2004/08/events/event'><System><Provider Name='Microsoft-Windows-Sysmon' Guid='{5770385f-c22a-43e0-bf4c-06f5698ffbd9}'/><EventID>1</EventID><Version>5</Version><Level>4</Level><Task>1</Task><Opcode>0</Opcode><Keywords>0x8000000000000000</Keywords><TimeCreated SystemTime='2025-06-19T12:32:20.5838720Z'/><EventRecordID>49903</EventRecordID><Correlation/><Execution ProcessID='5248' ThreadID='7584'/><Channel>Microsoft-Windows-Sysmon/Operational</Channel><Computer>DESKTOP-TVP7N18</Computer><Security UserID='S-1-5-18'/></System><EventData><Data Name='RuleName'>-</Data><Data Name='UtcTime'>2025-06-19 12:32:20.561</Data><Data Name='ProcessGuid'>{67c6cbf5-0354-6854-7e08-000000001b00}</Data><Data Name='ProcessId'>17348</Data><Data Name='Image'>D:\\Python\\Python312\\python.exe</Data><Data Name='FileVersion'>3.12.0</Data><Data Name='Description'>Python</Data><Data Name='Product'>Python</Data><Data Name='Company'>Python Software Foundation</Data><Data Name='OriginalFileName'>python.exe</Data><Data Name='CommandLine'>\"D:\\Python\\Python312\\python.exe\" D:\\实验室项目汇总\\告警响应智能体\\FTAgent\\sysmon.py</Data><Data Name='CurrentDirectory'>D:\\实验室项目汇总\\告警响应智能体\\FTAgent\\</Data><Data Name='User'>DESKTOP-TVP7N18\\User</Data><Data Name='LogonGuid'>{67c6cbf5-dc2b-6853-b5b4-100000000000}</Data><Data Name='LogonId'>0x10b4b5</Data><Data Name='TerminalSessionId'>1</Data><Data Name='IntegrityLevel'>Medium</Data><Data Name='Hashes'>MD5=725FA61FAAE60AEE18B8E6E49A2F8724,SHA256=42AC541168E97DEDB9AABD8BE335539FC41C682E414B9E8D137B164FB68683B0,IMPHASH=40445B394CDBF537CB1AA287F96583BD</Data><Data Name='ParentProcessGuid'>{67c6cbf5-0354-6854-7c08-000000001b00}</Data><Data Name='ParentProcessId'>13660</Data><Data Name='ParentImage'>D:\\实验室项目汇总\\告警响应智能体\\FTAgent\\venv\\Scripts\\python.exe</Data><Data Name='ParentCommandLine'>D:\\实验室项目汇总\\告警响应智能体\\FTAgent\\venv\\Scripts\\python.exe D:\\实验室项目汇总\\告警响应智能体\\FTAgent\\sysmon.py</Data><Data Name='ParentUser'>DESKTOP-TVP7N18\\User</Data></EventData></Event>"
    },
    {
        "EventRawXML": "<Event xmlns='http://schemas.microsoft.com/win/2004/08/events/event'><System><Provider Name='Microsoft-Windows-Sysmon' Guid='{5770385f-c22a-43e0-bf4c-06f5698ffbd9}'/><EventID>1</EventID><Version>5</Version><Level>4</Level><Task>1</Task><Opcode>0</Opcode><Keywords>0x8000000000000000</Keywords><TimeCreated SystemTime='2025-06-19T12:32:20.5237845Z'/><EventRecordID>49902</EventRecordID><Correlation/><Execution ProcessID='5248' ThreadID='7584'/><Channel>Microsoft-Windows-Sysmon/Operational</Channel><Computer>DESKTOP-TVP7N18</Computer><Security UserID='S-1-5-18'/></System><EventData><Data Name='RuleName'>-</Data><Data Name='UtcTime'>2025-06-19 12:32:20.503</Data><Data Name='ProcessGuid'>{67c6cbf5-0354-6854-7c08-000000001b00}</Data><Data Name='ProcessId'>13660</Data><Data Name='Image'>D:\\实验室项目汇总\\告警响应智能体\\FTAgent\\venv\\Scripts\\python.exe</Data><Data Name='FileVersion'>3.12.0</Data><Data Name='Description'>Python</Data><Data Name='Product'>Python</Data><Data Name='Company'>Python Software Foundation</Data><Data Name='OriginalFileName'>py.exe</Data><Data Name='CommandLine'>D:\\实验室项目汇总\\告警响应智能体\\FTAgent\\venv\\Scripts\\python.exe D:\\实验室项目汇总\\告警响应智能体\\FTAgent\\sysmon.py</Data><Data Name='CurrentDirectory'>D:\\实验室项目汇总\\告警响应智能体\\FTAgent\\</Data><Data Name='User'>DESKTOP-TVP7N18\\User</Data><Data Name='LogonGuid'>{67c6cbf5-dc2b-6853-b5b4-100000000000}</Data><Data Name='LogonId'>0x10b4b5</Data><Data Name='TerminalSessionId'>1</Data><Data Name='IntegrityLevel'>Medium</Data><Data Name='Hashes'>MD5=F25C48960012258A2A24F33B8B651F33,SHA256=D55736B9F3D6B4CA7985B82DB8CE11EDFA09994CF93CE31C6B506543B74F32EB,IMPHASH=819642380066B31AD5A87FEBF1203ABA</Data><Data Name='ParentProcessGuid'>{67c6cbf5-e5a5-6853-d403-000000001b00}</Data><Data Name='ParentProcessId'>8308</Data><Data Name='ParentImage'>D:\\PyCharm Community Edition 2023.2.5\\bin\\pycharm64.exe</Data><Data Name='ParentCommandLine'>\"D:\\PyCharm Community Edition 2023.2.5\\bin\\pycharm64.exe\" </Data><Data Name='ParentUser'>DESKTOP-TVP7N18\\User</Data></EventData></Event>"
    },
    {
        "EventRawXML": "<Event xmlns='http://schemas.microsoft.com/win/2004/08/events/event'><System><Provider Name='Microsoft-Windows-Sysmon' Guid='{5770385f-c22a-43e0-bf4c-06f5698ffbd9}'/><EventID>1</EventID><Version>5</Version><Level>4</Level><Task>1</Task><Opcode>0</Opcode><Keywords>0x8000000000000000</Keywords><TimeCreated SystemTime='2025-06-19T12:31:57.6227326Z'/><EventRecordID>49901</EventRecordID><Correlation/><Execution ProcessID='5248' ThreadID='7584'/><Channel>Microsoft-Windows-Sysmon/Operational</Channel><Computer>DESKTOP-TVP7N18</Computer><Security UserID='S-1-5-18'/></System><EventData><Data Name='RuleName'>-</Data><Data Name='UtcTime'>2025-06-19 12:31:57.621</Data><Data Name='ProcessGuid'>{67c6cbf5-033d-6854-7908-000000001b00}</Data><Data Name='ProcessId'>5260</Data><Data Name='Image'>C:\\Windows\\SysWOW64\\CheckNetIsolation.exe</Data><Data Name='FileVersion'>10.0.26100.1882 (WinBuild.160101.0800)</Data><Data Name='Description'>AppContainer Network Isolation Diagnostic Tool</Data><Data Name='Product'>Microsoft® Windows® Operating System</Data><Data Name='Company'>Microsoft Corporation</Data><Data Name='OriginalFileName'>CheckNetIsolation.exe</Data><Data Name='CommandLine'>CheckNetIsolation.exe LoopbackExempt -a -n=\"Microsoft.Windows.Spartan_cw5n1h2txyewy\"</Data><Data Name='CurrentDirectory'>C:\\WINDOWS\\system32\\</Data><Data Name='User'>NT AUTHORITY\\SYSTEM</Data><Data Name='LogonGuid'>{67c6cbf5-dc1c-6853-e703-000000000000}</Data><Data Name='LogonId'>0x3e7</Data><Data Name='TerminalSessionId'>0</Data><Data Name='IntegrityLevel'>System</Data><Data Name='Hashes'>MD5=2AFD61BAB705AB20C67A5812747C6F5E,SHA256=FC923DE253D6952F9EBE0EB86BF14FF5A5781C880A243C67760418A8E37E1AB0,IMPHASH=68A876096D29AB35CC11C71C16B35D0E</Data><Data Name='ParentProcessGuid'>{67c6cbf5-033d-6854-7708-000000001b00}</Data><Data Name='ParentProcessId'>13012</Data><Data Name='ParentImage'>C:\\Program Files (x86)\\Sangfor\\SSL\\ECAgent\\ECAgent.exe</Data><Data Name='ParentCommandLine'>\"C:\\Program Files (x86)\\Sangfor\\SSL\\ECAgent\\ECAgent.exe\" --import-sys --enable-loopback</Data><Data Name='ParentUser'>NT AUTHORITY\\SYSTEM</Data></EventData></Event>"
    },
    {
        "EventRawXML": "<Event xmlns='http://schemas.microsoft.com/win/2004/08/events/event'><System><Provider Name='Microsoft-Windows-Sysmon' Guid='{5770385f-c22a-43e0-bf4c-06f5698ffbd9}'/><EventID>1</EventID><Version>5</Version><Level>4</Level><Task>1</Task><Opcode>0</Opcode><Keywords>0x8000000000000000</Keywords><TimeCreated SystemTime='2025-06-19T12:31:57.6210999Z'/><EventRecordID>49900</EventRecordID><Correlation/><Execution ProcessID='5248' ThreadID='7584'/><Channel>Microsoft-Windows-Sysmon/Operational</Channel><Computer>DESKTOP-TVP7N18</Computer><Security UserID='S-1-5-18'/></System><EventData><Data Name='RuleName'>-</Data><Data Name='UtcTime'>2025-06-19 12:31:57.619</Data><Data Name='ProcessGuid'>{67c6cbf5-033d-6854-7808-000000001b00}</Data><Data Name='ProcessId'>20036</Data><Data Name='Image'>C:\\Windows\\SysWOW64\\CheckNetIsolation.exe</Data><Data Name='FileVersion'>10.0.26100.1882 (WinBuild.160101.0800)</Data><Data Name='Description'>AppContainer Network Isolation Diagnostic Tool</Data><Data Name='Product'>Microsoft® Windows® Operating System</Data><Data Name='Company'>Microsoft Corporation</Data><Data Name='OriginalFileName'>CheckNetIsolation.exe</Data><Data Name='CommandLine'>CheckNetIsolation.exe LoopbackExempt -a -n=\"Microsoft.MicrosoftEdge_8wekyb3d8bbwe\"</Data><Data Name='CurrentDirectory'>C:\\WINDOWS\\system32\\</Data><Data Name='User'>NT AUTHORITY\\SYSTEM</Data><Data Name='LogonGuid'>{67c6cbf5-dc1c-6853-e703-000000000000}</Data><Data Name='LogonId'>0x3e7</Data><Data Name='TerminalSessionId'>0</Data><Data Name='IntegrityLevel'>System</Data><Data Name='Hashes'>MD5=2AFD61BAB705AB20C67A5812747C6F5E,SHA256=FC923DE253D6952F9EBE0EB86BF14FF5A5781C880A243C67760418A8E37E1AB0,IMPHASH=68A876096D29AB35CC11C71C16B35D0E</Data><Data Name='ParentProcessGuid'>{67c6cbf5-033d-6854-7708-000000001b00}</Data><Data Name='ParentProcessId'>13012</Data><Data Name='ParentImage'>C:\\Program Files (x86)\\Sangfor\\SSL\\ECAgent\\ECAgent.exe</Data><Data Name='ParentCommandLine'>\"C:\\Program Files (x86)\\Sangfor\\SSL\\ECAgent\\ECAgent.exe\" --import-sys --enable-loopback</Data><Data Name='ParentUser'>NT AUTHORITY\\SYSTEM</Data></EventData></Event>"
    },
    {
        "EventRawXML": "<Event xmlns='http://schemas.microsoft.com/win/2004/08/events/event'><System><Provider Name='Microsoft-Windows-Sysmon' Guid='{5770385f-c22a-43e0-bf4c-06f5698ffbd9}'/><EventID>1</EventID><Version>5</Version><Level>4</Level><Task>1</Task><Opcode>0</Opcode><Keywords>0x8000000000000000</Keywords><TimeCreated SystemTime='2025-06-19T12:31:57.5925722Z'/><EventRecordID>49899</EventRecordID><Correlation/><Execution ProcessID='5248' ThreadID='7584'/><Channel>Microsoft-Windows-Sysmon/Operational</Channel><Computer>DESKTOP-TVP7N18</Computer><Security UserID='S-1-5-18'/></System><EventData><Data Name='RuleName'>-</Data><Data Name='UtcTime'>2025-06-19 12:31:57.553</Data><Data Name='ProcessGuid'>{67c6cbf5-033d-6854-7708-000000001b00}</Data><Data Name='ProcessId'>13012</Data><Data Name='Image'>C:\\Program Files (x86)\\Sangfor\\SSL\\ECAgent\\ECAgent.exe</Data><Data Name='FileVersion'>7.6.7.201</Data><Data Name='Description'>Agent for EasyConnect</Data><Data Name='Product'>ECAgent</Data><Data Name='Company'>Sangfor Technologies Inc.</Data><Data Name='OriginalFileName'>ECAgent.exe</Data><Data Name='CommandLine'>\"C:\\Program Files (x86)\\Sangfor\\SSL\\ECAgent\\ECAgent.exe\" --import-sys --enable-loopback</Data><Data Name='CurrentDirectory'>C:\\WINDOWS\\system32\\</Data><Data Name='User'>NT AUTHORITY\\SYSTEM</Data><Data Name='LogonGuid'>{67c6cbf5-dc1c-6853-e703-000000000000}</Data><Data Name='LogonId'>0x3e7</Data><Data Name='TerminalSessionId'>0</Data><Data Name='IntegrityLevel'>System</Data><Data Name='Hashes'>MD5=1CC0F751A7CFA2A3E0DB16F888F4B137,SHA256=C1ED4A515F21E2F2653D78C7DC6314C1C96EBE7F7AF0E3853E4F1A88A9552F15,IMPHASH=E7026603648A42654A201B60FBC06147</Data><Data Name='ParentProcessGuid'>{67c6cbf5-dc1d-6853-6400-000000001b00}</Data><Data Name='ParentProcessId'>5104</Data><Data Name='ParentImage'>C:\\Program Files (x86)\\Sangfor\\SSL\\Promote\\SangforPromoteService.exe</Data><Data Name='ParentCommandLine'>\"C:\\Program Files (x86)\\Sangfor\\SSL\\Promote\\SangforPromoteService.exe\"</Data><Data Name='ParentUser'>NT AUTHORITY\\SYSTEM</Data></EventData></Event>"
    },
    {
        "EventRawXML": "<Event xmlns='http://schemas.microsoft.com/win/2004/08/events/event'><System><Provider Name='Microsoft-Windows-Sysmon' Guid='{5770385f-c22a-43e0-bf4c-06f5698ffbd9}'/><EventID>1</EventID><Version>5</Version><Level>4</Level><Task>1</Task><Opcode>0</Opcode><Keywords>0x8000000000000000</Keywords><TimeCreated SystemTime='2025-06-19T12:31:57.5275166Z'/><EventRecordID>49898</EventRecordID><Correlation/><Execution ProcessID='5248' ThreadID='7584'/><Channel>Microsoft-Windows-Sysmon/Operational</Channel><Computer>DESKTOP-TVP7N18</Computer><Security UserID='S-1-5-18'/></System><EventData><Data Name='RuleName'>-</Data><Data Name='UtcTime'>2025-06-19 12:31:57.466</Data><Data Name='ProcessGuid'>{67c6cbf5-033d-6854-7608-000000001b00}</Data><Data Name='ProcessId'>18888</Data><Data Name='Image'>C:\\Program Files (x86)\\Sangfor\\SSL\\ECAgent\\ECAgent.exe</Data><Data Name='FileVersion'>7.6.7.201</Data><Data Name='Description'>Agent for EasyConnect</Data><Data Name='Product'>ECAgent</Data><Data Name='Company'>Sangfor Technologies Inc.</Data><Data Name='OriginalFileName'>ECAgent.exe</Data><Data Name='CommandLine'>\"C:\\Program Files (x86)\\Sangfor\\SSL\\ECAgent\\ECAgent.exe\" --import-nss --enable-ie-loopback</Data><Data Name='CurrentDirectory'>C:\\WINDOWS\\system32\\</Data><Data Name='User'>DESKTOP-TVP7N18\\User</Data><Data Name='LogonGuid'>{67c6cbf5-dc2b-6853-b5b4-100000000000}</Data><Data Name='LogonId'>0x10b4b5</Data><Data Name='TerminalSessionId'>1</Data><Data Name='IntegrityLevel'>Medium</Data><Data Name='Hashes'>MD5=1CC0F751A7CFA2A3E0DB16F888F4B137,SHA256=C1ED4A515F21E2F2653D78C7DC6314C1C96EBE7F7AF0E3853E4F1A88A9552F15,IMPHASH=E7026603648A42654A201B60FBC06147</Data><Data Name='ParentProcessGuid'>{67c6cbf5-dc1d-6853-6400-000000001b00}</Data><Data Name='ParentProcessId'>5104</Data><Data Name='ParentImage'>C:\\Program Files (x86)\\Sangfor\\SSL\\Promote\\SangforPromoteService.exe</Data><Data Name='ParentCommandLine'>\"C:\\Program Files (x86)\\Sangfor\\SSL\\Promote\\SangforPromoteService.exe\"</Data><Data Name='ParentUser'>NT AUTHORITY\\SYSTEM</Data></EventData></Event>"
    },
    {
        "EventRawXML": "<Event xmlns='http://schemas.microsoft.com/win/2004/08/events/event'><System><Provider Name='Microsoft-Windows-Sysmon' Guid='{5770385f-c22a-43e0-bf4c-06f5698ffbd9}'/><EventID>1</EventID><Version>5</Version><Level>4</Level><Task>1</Task><Opcode>0</Opcode><Keywords>0x8000000000000000</Keywords><TimeCreated SystemTime='2025-06-19T12:30:57.2810203Z'/><EventRecordID>49897</EventRecordID><Correlation/><Execution ProcessID='5248' ThreadID='7584'/><Channel>Microsoft-Windows-Sysmon/Operational</Channel><Computer>DESKTOP-TVP7N18</Computer><Security UserID='S-1-5-18'/></System><EventData><Data Name='RuleName'>-</Data><Data Name='UtcTime'>2025-06-19 12:30:57.280</Data><Data Name='ProcessGuid'>{67c6cbf5-0301-6854-7308-000000001b00}</Data><Data Name='ProcessId'>4116</Data><Data Name='Image'>C:\\Windows\\SysWOW64\\CheckNetIsolation.exe</Data><Data Name='FileVersion'>10.0.26100.1882 (WinBuild.160101.0800)</Data><Data Name='Description'>AppContainer Network Isolation Diagnostic Tool</Data><Data Name='Product'>Microsoft® Windows® Operating System</Data><Data Name='Company'>Microsoft Corporation</Data><Data Name='OriginalFileName'>CheckNetIsolation.exe</Data><Data Name='CommandLine'>CheckNetIsolation.exe LoopbackExempt -a -n=\"Microsoft.Windows.Spartan_cw5n1h2txyewy\"</Data><Data Name='CurrentDirectory'>C:\\WINDOWS\\system32\\</Data><Data Name='User'>NT AUTHORITY\\SYSTEM</Data><Data Name='LogonGuid'>{67c6cbf5-dc1c-6853-e703-000000000000}</Data><Data Name='LogonId'>0x3e7</Data><Data Name='TerminalSessionId'>0</Data><Data Name='IntegrityLevel'>System</Data><Data Name='Hashes'>MD5=2AFD61BAB705AB20C67A5812747C6F5E,SHA256=FC923DE253D6952F9EBE0EB86BF14FF5A5781C880A243C67760418A8E37E1AB0,IMPHASH=68A876096D29AB35CC11C71C16B35D0E</Data><Data Name='ParentProcessGuid'>{67c6cbf5-0301-6854-7108-000000001b00}</Data><Data Name='ParentProcessId'>20304</Data><Data Name='ParentImage'>C:\\Program Files (x86)\\Sangfor\\SSL\\ECAgent\\ECAgent.exe</Data><Data Name='ParentCommandLine'>\"C:\\Program Files (x86)\\Sangfor\\SSL\\ECAgent\\ECAgent.exe\" --import-sys --enable-loopback</Data><Data Name='ParentUser'>NT AUTHORITY\\SYSTEM</Data></EventData></Event>"
    },
    {
        "EventRawXML": "<Event xmlns='http://schemas.microsoft.com/win/2004/08/events/event'><System><Provider Name='Microsoft-Windows-Sysmon' Guid='{5770385f-c22a-43e0-bf4c-06f5698ffbd9}'/><EventID>1</EventID><Version>5</Version><Level>4</Level><Task>1</Task><Opcode>0</Opcode><Keywords>0x8000000000000000</Keywords><TimeCreated SystemTime='2025-06-19T12:30:57.2795598Z'/><EventRecordID>49896</EventRecordID><Correlation/><Execution ProcessID='5248' ThreadID='7584'/><Channel>Microsoft-Windows-Sysmon/Operational</Channel><Computer>DESKTOP-TVP7N18</Computer><Security UserID='S-1-5-18'/></System><EventData><Data Name='RuleName'>-</Data><Data Name='UtcTime'>2025-06-19 12:30:57.278</Data><Data Name='ProcessGuid'>{67c6cbf5-0301-6854-7208-000000001b00}</Data><Data Name='ProcessId'>5064</Data><Data Name='Image'>C:\\Windows\\SysWOW64\\CheckNetIsolation.exe</Data><Data Name='FileVersion'>10.0.26100.1882 (WinBuild.160101.0800)</Data><Data Name='Description'>AppContainer Network Isolation Diagnostic Tool</Data><Data Name='Product'>Microsoft® Windows® Operating System</Data><Data Name='Company'>Microsoft Corporation</Data><Data Name='OriginalFileName'>CheckNetIsolation.exe</Data><Data Name='CommandLine'>CheckNetIsolation.exe LoopbackExempt -a -n=\"Microsoft.MicrosoftEdge_8wekyb3d8bbwe\"</Data><Data Name='CurrentDirectory'>C:\\WINDOWS\\system32\\</Data><Data Name='User'>NT AUTHORITY\\SYSTEM</Data><Data Name='LogonGuid'>{67c6cbf5-dc1c-6853-e703-000000000000}</Data><Data Name='LogonId'>0x3e7</Data><Data Name='TerminalSessionId'>0</Data><Data Name='IntegrityLevel'>System</Data><Data Name='Hashes'>MD5=2AFD61BAB705AB20C67A5812747C6F5E,SHA256=FC923DE253D6952F9EBE0EB86BF14FF5A5781C880A243C67760418A8E37E1AB0,IMPHASH=68A876096D29AB35CC11C71C16B35D0E</Data><Data Name='ParentProcessGuid'>{67c6cbf5-0301-6854-7108-000000001b00}</Data><Data Name='ParentProcessId'>20304</Data><Data Name='ParentImage'>C:\\Program Files (x86)\\Sangfor\\SSL\\ECAgent\\ECAgent.exe</Data><Data Name='ParentCommandLine'>\"C:\\Program Files (x86)\\Sangfor\\SSL\\ECAgent\\ECAgent.exe\" --import-sys --enable-loopback</Data><Data Name='ParentUser'>NT AUTHORITY\\SYSTEM</Data></EventData></Event>"
    },
    {
        "EventRawXML": "<Event xmlns='http://schemas.microsoft.com/win/2004/08/events/event'><System><Provider Name='Microsoft-Windows-Sysmon' Guid='{5770385f-c22a-43e0-bf4c-06f5698ffbd9}'/><EventID>1</EventID><Version>5</Version><Level>4</Level><Task>1</Task><Opcode>0</Opcode><Keywords>0x8000000000000000</Keywords><TimeCreated SystemTime='2025-06-19T12:30:57.2499864Z'/><EventRecordID>49895</EventRecordID><Correlation/><Execution ProcessID='5248' ThreadID='7584'/><Channel>Microsoft-Windows-Sysmon/Operational</Channel><Computer>DESKTOP-TVP7N18</Computer><Security UserID='S-1-5-18'/></System><EventData><Data Name='RuleName'>-</Data><Data Name='UtcTime'>2025-06-19 12:30:57.192</Data><Data Name='ProcessGuid'>{67c6cbf5-0301-6854-7108-000000001b00}</Data><Data Name='ProcessId'>20304</Data><Data Name='Image'>C:\\Program Files (x86)\\Sangfor\\SSL\\ECAgent\\ECAgent.exe</Data><Data Name='FileVersion'>7.6.7.201</Data><Data Name='Description'>Agent for EasyConnect</Data><Data Name='Product'>ECAgent</Data><Data Name='Company'>Sangfor Technologies Inc.</Data><Data Name='OriginalFileName'>ECAgent.exe</Data><Data Name='CommandLine'>\"C:\\Program Files (x86)\\Sangfor\\SSL\\ECAgent\\ECAgent.exe\" --import-sys --enable-loopback</Data><Data Name='CurrentDirectory'>C:\\WINDOWS\\system32\\</Data><Data Name='User'>NT AUTHORITY\\SYSTEM</Data><Data Name='LogonGuid'>{67c6cbf5-dc1c-6853-e703-000000000000}</Data><Data Name='LogonId'>0x3e7</Data><Data Name='TerminalSessionId'>0</Data><Data Name='IntegrityLevel'>System</Data><Data Name='Hashes'>MD5=1CC0F751A7CFA2A3E0DB16F888F4B137,SHA256=C1ED4A515F21E2F2653D78C7DC6314C1C96EBE7F7AF0E3853E4F1A88A9552F15,IMPHASH=E7026603648A42654A201B60FBC06147</Data><Data Name='ParentProcessGuid'>{67c6cbf5-dc1d-6853-6400-000000001b00}</Data><Data Name='ParentProcessId'>5104</Data><Data Name='ParentImage'>C:\\Program Files (x86)\\Sangfor\\SSL\\Promote\\SangforPromoteService.exe</Data><Data Name='ParentCommandLine'>\"C:\\Program Files (x86)\\Sangfor\\SSL\\Promote\\SangforPromoteService.exe\"</Data><Data Name='ParentUser'>NT AUTHORITY\\SYSTEM</Data></EventData></Event>"
    },
    {
        "EventRawXML": "<Event xmlns='http://schemas.microsoft.com/win/2004/08/events/event'><System><Provider Name='Microsoft-Windows-Sysmon' Guid='{5770385f-c22a-43e0-bf4c-06f5698ffbd9}'/><EventID>1</EventID><Version>5</Version><Level>4</Level><Task>1</Task><Opcode>0</Opcode><Keywords>0x8000000000000000</Keywords><TimeCreated SystemTime='2025-06-19T12:30:57.1713011Z'/><EventRecordID>49894</EventRecordID><Correlation/><Execution ProcessID='5248' ThreadID='7584'/><Channel>Microsoft-Windows-Sysmon/Operational</Channel><Computer>DESKTOP-TVP7N18</Computer><Security UserID='S-1-5-18'/></System><EventData><Data Name='RuleName'>-</Data><Data Name='UtcTime'>2025-06-19 12:30:57.114</Data><Data Name='ProcessGuid'>{67c6cbf5-0301-6854-7008-000000001b00}</Data><Data Name='ProcessId'>7192</Data><Data Name='Image'>C:\\Program Files (x86)\\Sangfor\\SSL\\ECAgent\\ECAgent.exe</Data><Data Name='FileVersion'>7.6.7.201</Data><Data Name='Description'>Agent for EasyConnect</Data><Data Name='Product'>ECAgent</Data><Data Name='Company'>Sangfor Technologies Inc.</Data><Data Name='OriginalFileName'>ECAgent.exe</Data><Data Name='CommandLine'>\"C:\\Program Files (x86)\\Sangfor\\SSL\\ECAgent\\ECAgent.exe\" --import-nss --enable-ie-loopback</Data><Data Name='CurrentDirectory'>C:\\WINDOWS\\system32\\</Data><Data Name='User'>DESKTOP-TVP7N18\\User</Data><Data Name='LogonGuid'>{67c6cbf5-dc2b-6853-b5b4-100000000000}</Data><Data Name='LogonId'>0x10b4b5</Data><Data Name='TerminalSessionId'>1</Data><Data Name='IntegrityLevel'>Medium</Data><Data Name='Hashes'>MD5=1CC0F751A7CFA2A3E0DB16F888F4B137,SHA256=C1ED4A515F21E2F2653D78C7DC6314C1C96EBE7F7AF0E3853E4F1A88A9552F15,IMPHASH=E7026603648A42654A201B60FBC06147</Data><Data Name='ParentProcessGuid'>{67c6cbf5-dc1d-6853-6400-000000001b00}</Data><Data Name='ParentProcessId'>5104</Data><Data Name='ParentImage'>C:\\Program Files (x86)\\Sangfor\\SSL\\Promote\\SangforPromoteService.exe</Data><Data Name='ParentCommandLine'>\"C:\\Program Files (x86)\\Sangfor\\SSL\\Promote\\SangforPromoteService.exe\"</Data><Data Name='ParentUser'>NT AUTHORITY\\SYSTEM</Data></EventData></Event>"
    },
    {
        "EventRawXML": "<Event xmlns='http://schemas.microsoft.com/win/2004/08/events/event'><System><Provider Name='Microsoft-Windows-Sysmon' Guid='{5770385f-c22a-43e0-bf4c-06f5698ffbd9}'/><EventID>22</EventID><Version>5</Version><Level>4</Level><Task>22</Task><Opcode>0</Opcode><Keywords>0x8000000000000000</Keywords><TimeCreated SystemTime='2025-06-19T12:30:53.8727820Z'/><EventRecordID>49893</EventRecordID><Correlation/><Execution ProcessID='5248' ThreadID='7608'/><Channel>Microsoft-Windows-Sysmon/Operational</Channel><Computer>DESKTOP-TVP7N18</Computer><Security UserID='S-1-5-18'/></System><EventData><Data Name='RuleName'>-</Data><Data Name='UtcTime'>2025-06-19 12:30:51.896</Data><Data Name='ProcessGuid'>{67c6cbf5-f0b2-6853-ca05-000000001b00}</Data><Data Name='ProcessId'>16788</Data><Data Name='QueryName'>gecko-bd.feishu.cn</Data><Data Name='QueryStatus'>0</Data><Data Name='QueryResults'>type: 5 gecko-bd.feishu.cn.bytedns1.com;type: 5 gecko-bd.feishu.cn.w.cdngslb.com;type: 5 gecko-bd.feishu.cn.queniurc.com;::ffff:61.242.183.226;::ffff:113.56.147.82;::ffff:61.242.183.225;::ffff:119.36.63.206;::ffff:122.190.168.224;::ffff:113.56.147.81;::ffff:122.190.51.202;::ffff:122.190.51.201;::ffff:113.56.147.79;::ffff:220.202.7.98;::ffff:122.191.170.197;::ffff:220.202.7.99;::ffff:113.56.147.80;::ffff:119.36.63.207;::ffff:122.191.170.196;::ffff:122.190.168.223;</Data><Data Name='Image'>D:\\Feishu\\app\\Feishu.exe</Data><Data Name='User'>DESKTOP-TVP7N18\\User</Data></EventData></Event>"
    },
    {
        "EventRawXML": "<Event xmlns='http://schemas.microsoft.com/win/2004/08/events/event'><System><Provider Name='Microsoft-Windows-Sysmon' Guid='{5770385f-c22a-43e0-bf4c-06f5698ffbd9}'/><EventID>1</EventID><Version>5</Version><Level>4</Level><Task>1</Task><Opcode>0</Opcode><Keywords>0x8000000000000000</Keywords><TimeCreated SystemTime='2025-06-19T12:29:56.9607896Z'/><EventRecordID>49892</EventRecordID><Correlation/><Execution ProcessID='5248' ThreadID='7584'/><Channel>Microsoft-Windows-Sysmon/Operational</Channel><Computer>DESKTOP-TVP7N18</Computer><Security UserID='S-1-5-18'/></System><EventData><Data Name='RuleName'>-</Data><Data Name='UtcTime'>2025-06-19 12:29:56.960</Data><Data Name='ProcessGuid'>{67c6cbf5-02c4-6854-6908-000000001b00}</Data><Data Name='ProcessId'>11172</Data><Data Name='Image'>C:\\Windows\\SysWOW64\\CheckNetIsolation.exe</Data><Data Name='FileVersion'>10.0.26100.1882 (WinBuild.160101.0800)</Data><Data Name='Description'>AppContainer Network Isolation Diagnostic Tool</Data><Data Name='Product'>Microsoft® Windows® Operating System</Data><Data Name='Company'>Microsoft Corporation</Data><Data Name='OriginalFileName'>CheckNetIsolation.exe</Data><Data Name='CommandLine'>CheckNetIsolation.exe LoopbackExempt -a -n=\"Microsoft.Windows.Spartan_cw5n1h2txyewy\"</Data><Data Name='CurrentDirectory'>C:\\WINDOWS\\system32\\</Data><Data Name='User'>NT AUTHORITY\\SYSTEM</Data><Data Name='LogonGuid'>{67c6cbf5-dc1c-6853-e703-000000000000}</Data><Data Name='LogonId'>0x3e7</Data><Data Name='TerminalSessionId'>0</Data><Data Name='IntegrityLevel'>System</Data><Data Name='Hashes'>MD5=2AFD61BAB705AB20C67A5812747C6F5E,SHA256=FC923DE253D6952F9EBE0EB86BF14FF5A5781C880A243C67760418A8E37E1AB0,IMPHASH=68A876096D29AB35CC11C71C16B35D0E</Data><Data Name='ParentProcessGuid'>{67c6cbf5-02c4-6854-6708-000000001b00}</Data><Data Name='ParentProcessId'>17280</Data><Data Name='ParentImage'>C:\\Program Files (x86)\\Sangfor\\SSL\\ECAgent\\ECAgent.exe</Data><Data Name='ParentCommandLine'>\"C:\\Program Files (x86)\\Sangfor\\SSL\\ECAgent\\ECAgent.exe\" --import-sys --enable-loopback</Data><Data Name='ParentUser'>NT AUTHORITY\\SYSTEM</Data></EventData></Event>"
    },
    {
        "EventRawXML": "<Event xmlns='http://schemas.microsoft.com/win/2004/08/events/event'><System><Provider Name='Microsoft-Windows-Sysmon' Guid='{5770385f-c22a-43e0-bf4c-06f5698ffbd9}'/><EventID>1</EventID><Version>5</Version><Level>4</Level><Task>1</Task><Opcode>0</Opcode><Keywords>0x8000000000000000</Keywords><TimeCreated SystemTime='2025-06-19T12:29:56.9593198Z'/><EventRecordID>49891</EventRecordID><Correlation/><Execution ProcessID='5248' ThreadID='7584'/><Channel>Microsoft-Windows-Sysmon/Operational</Channel><Computer>DESKTOP-TVP7N18</Computer><Security UserID='S-1-5-18'/></System><EventData><Data Name='RuleName'>-</Data><Data Name='UtcTime'>2025-06-19 12:29:56.957</Data><Data Name='ProcessGuid'>{67c6cbf5-02c4-6854-6808-000000001b00}</Data><Data Name='ProcessId'>13896</Data><Data Name='Image'>C:\\Windows\\SysWOW64\\CheckNetIsolation.exe</Data><Data Name='FileVersion'>10.0.26100.1882 (WinBuild.160101.0800)</Data><Data Name='Description'>AppContainer Network Isolation Diagnostic Tool</Data><Data Name='Product'>Microsoft® Windows® Operating System</Data><Data Name='Company'>Microsoft Corporation</Data><Data Name='OriginalFileName'>CheckNetIsolation.exe</Data><Data Name='CommandLine'>CheckNetIsolation.exe LoopbackExempt -a -n=\"Microsoft.MicrosoftEdge_8wekyb3d8bbwe\"</Data><Data Name='CurrentDirectory'>C:\\WINDOWS\\system32\\</Data><Data Name='User'>NT AUTHORITY\\SYSTEM</Data><Data Name='LogonGuid'>{67c6cbf5-dc1c-6853-e703-000000000000}</Data><Data Name='LogonId'>0x3e7</Data><Data Name='TerminalSessionId'>0</Data><Data Name='IntegrityLevel'>System</Data><Data Name='Hashes'>MD5=2AFD61BAB705AB20C67A5812747C6F5E,SHA256=FC923DE253D6952F9EBE0EB86BF14FF5A5781C880A243C67760418A8E37E1AB0,IMPHASH=68A876096D29AB35CC11C71C16B35D0E</Data><Data Name='ParentProcessGuid'>{67c6cbf5-02c4-6854-6708-000000001b00}</Data><Data Name='ParentProcessId'>17280</Data><Data Name='ParentImage'>C:\\Program Files (x86)\\Sangfor\\SSL\\ECAgent\\ECAgent.exe</Data><Data Name='ParentCommandLine'>\"C:\\Program Files (x86)\\Sangfor\\SSL\\ECAgent\\ECAgent.exe\" --import-sys --enable-loopback</Data><Data Name='ParentUser'>NT AUTHORITY\\SYSTEM</Data></EventData></Event>"
    },
    {
        "EventRawXML": "<Event xmlns='http://schemas.microsoft.com/win/2004/08/events/event'><System><Provider Name='Microsoft-Windows-Sysmon' Guid='{5770385f-c22a-43e0-bf4c-06f5698ffbd9}'/><EventID>1</EventID><Version>5</Version><Level>4</Level><Task>1</Task><Opcode>0</Opcode><Keywords>0x8000000000000000</Keywords><TimeCreated SystemTime='2025-06-19T12:29:56.9303311Z'/><EventRecordID>49890</EventRecordID><Correlation/><Execution ProcessID='5248' ThreadID='7584'/><Channel>Microsoft-Windows-Sysmon/Operational</Channel><Computer>DESKTOP-TVP7N18</Computer><Security UserID='S-1-5-18'/></System><EventData><Data Name='RuleName'>-</Data><Data Name='UtcTime'>2025-06-19 12:29:56.884</Data><Data Name='ProcessGuid'>{67c6cbf5-02c4-6854-6708-000000001b00}</Data><Data Name='ProcessId'>17280</Data><Data Name='Image'>C:\\Program Files (x86)\\Sangfor\\SSL\\ECAgent\\ECAgent.exe</Data><Data Name='FileVersion'>7.6.7.201</Data><Data Name='Description'>Agent for EasyConnect</Data><Data Name='Product'>ECAgent</Data><Data Name='Company'>Sangfor Technologies Inc.</Data><Data Name='OriginalFileName'>ECAgent.exe</Data><Data Name='CommandLine'>\"C:\\Program Files (x86)\\Sangfor\\SSL\\ECAgent\\ECAgent.exe\" --import-sys --enable-loopback</Data><Data Name='CurrentDirectory'>C:\\WINDOWS\\system32\\</Data><Data Name='User'>NT AUTHORITY\\SYSTEM</Data><Data Name='LogonGuid'>{67c6cbf5-dc1c-6853-e703-000000000000}</Data><Data Name='LogonId'>0x3e7</Data><Data Name='TerminalSessionId'>0</Data><Data Name='IntegrityLevel'>System</Data><Data Name='Hashes'>MD5=1CC0F751A7CFA2A3E0DB16F888F4B137,SHA256=C1ED4A515F21E2F2653D78C7DC6314C1C96EBE7F7AF0E3853E4F1A88A9552F15,IMPHASH=E7026603648A42654A201B60FBC06147</Data><Data Name='ParentProcessGuid'>{67c6cbf5-dc1d-6853-6400-000000001b00}</Data><Data Name='ParentProcessId'>5104</Data><Data Name='ParentImage'>C:\\Program Files (x86)\\Sangfor\\SSL\\Promote\\SangforPromoteService.exe</Data><Data Name='ParentCommandLine'>\"C:\\Program Files (x86)\\Sangfor\\SSL\\Promote\\SangforPromoteService.exe\"</Data><Data Name='ParentUser'>NT AUTHORITY\\SYSTEM</Data></EventData></Event>"
    },
    {
        "EventRawXML": "<Event xmlns='http://schemas.microsoft.com/win/2004/08/events/event'><System><Provider Name='Microsoft-Windows-Sysmon' Guid='{5770385f-c22a-43e0-bf4c-06f5698ffbd9}'/><EventID>1</EventID><Version>5</Version><Level>4</Level><Task>1</Task><Opcode>0</Opcode><Keywords>0x8000000000000000</Keywords><TimeCreated SystemTime='2025-06-19T12:29:56.8627786Z'/><EventRecordID>49889</EventRecordID><Correlation/><Execution ProcessID='5248' ThreadID='7584'/><Channel>Microsoft-Windows-Sysmon/Operational</Channel><Computer>DESKTOP-TVP7N18</Computer><Security UserID='S-1-5-18'/></System><EventData><Data Name='RuleName'>-</Data><Data Name='UtcTime'>2025-06-19 12:29:56.814</Data><Data Name='ProcessGuid'>{67c6cbf5-02c4-6854-6608-000000001b00}</Data><Data Name='ProcessId'>19308</Data><Data Name='Image'>C:\\Program Files (x86)\\Sangfor\\SSL\\ECAgent\\ECAgent.exe</Data><Data Name='FileVersion'>7.6.7.201</Data><Data Name='Description'>Agent for EasyConnect</Data><Data Name='Product'>ECAgent</Data><Data Name='Company'>Sangfor Technologies Inc.</Data><Data Name='OriginalFileName'>ECAgent.exe</Data><Data Name='CommandLine'>\"C:\\Program Files (x86)\\Sangfor\\SSL\\ECAgent\\ECAgent.exe\" --import-nss --enable-ie-loopback</Data><Data Name='CurrentDirectory'>C:\\WINDOWS\\system32\\</Data><Data Name='User'>DESKTOP-TVP7N18\\User</Data><Data Name='LogonGuid'>{67c6cbf5-dc2b-6853-b5b4-100000000000}</Data><Data Name='LogonId'>0x10b4b5</Data><Data Name='TerminalSessionId'>1</Data><Data Name='IntegrityLevel'>Medium</Data><Data Name='Hashes'>MD5=1CC0F751A7CFA2A3E0DB16F888F4B137,SHA256=C1ED4A515F21E2F2653D78C7DC6314C1C96EBE7F7AF0E3853E4F1A88A9552F15,IMPHASH=E7026603648A42654A201B60FBC06147</Data><Data Name='ParentProcessGuid'>{67c6cbf5-dc1d-6853-6400-000000001b00}</Data><Data Name='ParentProcessId'>5104</Data><Data Name='ParentImage'>C:\\Program Files (x86)\\Sangfor\\SSL\\Promote\\SangforPromoteService.exe</Data><Data Name='ParentCommandLine'>\"C:\\Program Files (x86)\\Sangfor\\SSL\\Promote\\SangforPromoteService.exe\"</Data><Data Name='ParentUser'>NT AUTHORITY\\SYSTEM</Data></EventData></Event>"
    },
    {
        "EventRawXML": "<Event xmlns='http://schemas.microsoft.com/win/2004/08/events/event'><System><Provider Name='Microsoft-Windows-Sysmon' Guid='{5770385f-c22a-43e0-bf4c-06f5698ffbd9}'/><EventID>1</EventID><Version>5</Version><Level>4</Level><Task>1</Task><Opcode>0</Opcode><Keywords>0x8000000000000000</Keywords><TimeCreated SystemTime='2025-06-19T12:29:51.5778267Z'/><EventRecordID>49888</EventRecordID><Correlation/><Execution ProcessID='5248' ThreadID='7584'/><Channel>Microsoft-Windows-Sysmon/Operational</Channel><Computer>DESKTOP-TVP7N18</Computer><Security UserID='S-1-5-18'/></System><EventData><Data Name='RuleName'>-</Data><Data Name='UtcTime'>2025-06-19 12:29:51.565</Data><Data Name='ProcessGuid'>{67c6cbf5-02bf-6854-6108-000000001b00}</Data><Data Name='ProcessId'>18700</Data><Data Name='Image'>C:\\Windows\\UUS\\Packages\\Preview\\amd64\\MoUsoCoreWorker.exe</Data><Data Name='FileVersion'>1407.2505.15022.0</Data><Data Name='Description'>MoUSO Core Worker Process</Data><Data Name='Product'>Microsoft® Windows® Operating System</Data><Data Name='Company'>Microsoft Corporation</Data><Data Name='OriginalFileName'>MoUSOCoreWorker.exe</Data><Data Name='CommandLine'>\"C:\\WINDOWS\\uus\\packages\\preview\\AMD64\\MoUsoCoreWorker.exe\" useprivatenamespaces</Data><Data Name='CurrentDirectory'>C:\\WINDOWS\\system32\\</Data><Data Name='User'>NT AUTHORITY\\SYSTEM</Data><Data Name='LogonGuid'>{67c6cbf5-dc1c-6853-e703-000000000000}</Data><Data Name='LogonId'>0x3e7</Data><Data Name='TerminalSessionId'>0</Data><Data Name='IntegrityLevel'>System</Data><Data Name='Hashes'>MD5=6858CD080C76266DC8F4A2A52B8E134D,SHA256=0FA870BCDDAC2F0EEF851EF6D2694D7C26913C1E1879D5D1069AC9BAECCC5CF1,IMPHASH=EEA780EF74E3990E1D8E8123E147BB2C</Data><Data Name='ParentProcessGuid'>{67c6cbf5-dc98-6853-f901-000000001b00}</Data><Data Name='ParentProcessId'>21064</Data><Data Name='ParentImage'>C:\\Windows\\System32\\svchost.exe</Data><Data Name='ParentCommandLine'>C:\\WINDOWS\\system32\\svchost.exe -k netsvcs -p -s UsoSvc</Data><Data Name='ParentUser'>NT AUTHORITY\\SYSTEM</Data></EventData></Event>"
    },
    {
        "EventRawXML": "<Event xmlns='http://schemas.microsoft.com/win/2004/08/events/event'><System><Provider Name='Microsoft-Windows-Sysmon' Guid='{5770385f-c22a-43e0-bf4c-06f5698ffbd9}'/><EventID>1</EventID><Version>5</Version><Level>4</Level><Task>1</Task><Opcode>0</Opcode><Keywords>0x8000000000000000</Keywords><TimeCreated SystemTime='2025-06-19T12:28:56.6332247Z'/><EventRecordID>49887</EventRecordID><Correlation/><Execution ProcessID='5248' ThreadID='7584'/><Channel>Microsoft-Windows-Sysmon/Operational</Channel><Computer>DESKTOP-TVP7N18</Computer><Security UserID='S-1-5-18'/></System><EventData><Data Name='RuleName'>-</Data><Data Name='UtcTime'>2025-06-19 12:28:56.632</Data><Data Name='ProcessGuid'>{67c6cbf5-0288-6854-5e08-000000001b00}</Data><Data Name='ProcessId'>10492</Data><Data Name='Image'>C:\\Windows\\SysWOW64\\CheckNetIsolation.exe</Data><Data Name='FileVersion'>10.0.26100.1882 (WinBuild.160101.0800)</Data><Data Name='Description'>AppContainer Network Isolation Diagnostic Tool</Data><Data Name='Product'>Microsoft® Windows® Operating System</Data><Data Name='Company'>Microsoft Corporation</Data><Data Name='OriginalFileName'>CheckNetIsolation.exe</Data><Data Name='CommandLine'>CheckNetIsolation.exe LoopbackExempt -a -n=\"Microsoft.Windows.Spartan_cw5n1h2txyewy\"</Data><Data Name='CurrentDirectory'>C:\\WINDOWS\\system32\\</Data><Data Name='User'>NT AUTHORITY\\SYSTEM</Data><Data Name='LogonGuid'>{67c6cbf5-dc1c-6853-e703-000000000000}</Data><Data Name='LogonId'>0x3e7</Data><Data Name='TerminalSessionId'>0</Data><Data Name='IntegrityLevel'>System</Data><Data Name='Hashes'>MD5=2AFD61BAB705AB20C67A5812747C6F5E,SHA256=FC923DE253D6952F9EBE0EB86BF14FF5A5781C880A243C67760418A8E37E1AB0,IMPHASH=68A876096D29AB35CC11C71C16B35D0E</Data><Data Name='ParentProcessGuid'>{67c6cbf5-0288-6854-5c08-000000001b00}</Data><Data Name='ParentProcessId'>21304</Data><Data Name='ParentImage'>C:\\Program Files (x86)\\Sangfor\\SSL\\ECAgent\\ECAgent.exe</Data><Data Name='ParentCommandLine'>\"C:\\Program Files (x86)\\Sangfor\\SSL\\ECAgent\\ECAgent.exe\" --import-sys --enable-loopback</Data><Data Name='ParentUser'>NT AUTHORITY\\SYSTEM</Data></EventData></Event>"
    },
    {
        "EventRawXML": "<Event xmlns='http://schemas.microsoft.com/win/2004/08/events/event'><System><Provider Name='Microsoft-Windows-Sysmon' Guid='{5770385f-c22a-43e0-bf4c-06f5698ffbd9}'/><EventID>1</EventID><Version>5</Version><Level>4</Level><Task>1</Task><Opcode>0</Opcode><Keywords>0x8000000000000000</Keywords><TimeCreated SystemTime='2025-06-19T12:28:56.6317904Z'/><EventRecordID>49886</EventRecordID><Correlation/><Execution ProcessID='5248' ThreadID='7584'/><Channel>Microsoft-Windows-Sysmon/Operational</Channel><Computer>DESKTOP-TVP7N18</Computer><Security UserID='S-1-5-18'/></System><EventData><Data Name='RuleName'>-</Data><Data Name='UtcTime'>2025-06-19 12:28:56.630</Data><Data Name='ProcessGuid'>{67c6cbf5-0288-6854-5d08-000000001b00}</Data><Data Name='ProcessId'>20240</Data><Data Name='Image'>C:\\Windows\\SysWOW64\\CheckNetIsolation.exe</Data><Data Name='FileVersion'>10.0.26100.1882 (WinBuild.160101.0800)</Data><Data Name='Description'>AppContainer Network Isolation Diagnostic Tool</Data><Data Name='Product'>Microsoft® Windows® Operating System</Data><Data Name='Company'>Microsoft Corporation</Data><Data Name='OriginalFileName'>CheckNetIsolation.exe</Data><Data Name='CommandLine'>CheckNetIsolation.exe LoopbackExempt -a -n=\"Microsoft.MicrosoftEdge_8wekyb3d8bbwe\"</Data><Data Name='CurrentDirectory'>C:\\WINDOWS\\system32\\</Data><Data Name='User'>NT AUTHORITY\\SYSTEM</Data><Data Name='LogonGuid'>{67c6cbf5-dc1c-6853-e703-000000000000}</Data><Data Name='LogonId'>0x3e7</Data><Data Name='TerminalSessionId'>0</Data><Data Name='IntegrityLevel'>System</Data><Data Name='Hashes'>MD5=2AFD61BAB705AB20C67A5812747C6F5E,SHA256=FC923DE253D6952F9EBE0EB86BF14FF5A5781C880A243C67760418A8E37E1AB0,IMPHASH=68A876096D29AB35CC11C71C16B35D0E</Data><Data Name='ParentProcessGuid'>{67c6cbf5-0288-6854-5c08-000000001b00}</Data><Data Name='ParentProcessId'>21304</Data><Data Name='ParentImage'>C:\\Program Files (x86)\\Sangfor\\SSL\\ECAgent\\ECAgent.exe</Data><Data Name='ParentCommandLine'>\"C:\\Program Files (x86)\\Sangfor\\SSL\\ECAgent\\ECAgent.exe\" --import-sys --enable-loopback</Data><Data Name='ParentUser'>NT AUTHORITY\\SYSTEM</Data></EventData></Event>"
    },
    {
        "EventRawXML": "<Event xmlns='http://schemas.microsoft.com/win/2004/08/events/event'><System><Provider Name='Microsoft-Windows-Sysmon' Guid='{5770385f-c22a-43e0-bf4c-06f5698ffbd9}'/><EventID>1</EventID><Version>5</Version><Level>4</Level><Task>1</Task><Opcode>0</Opcode><Keywords>0x8000000000000000</Keywords><TimeCreated SystemTime='2025-06-19T12:28:56.6034888Z'/><EventRecordID>49885</EventRecordID><Correlation/><Execution ProcessID='5248' ThreadID='7584'/><Channel>Microsoft-Windows-Sysmon/Operational</Channel><Computer>DESKTOP-TVP7N18</Computer><Security UserID='S-1-5-18'/></System><EventData><Data Name='RuleName'>-</Data><Data Name='UtcTime'>2025-06-19 12:28:56.551</Data><Data Name='ProcessGuid'>{67c6cbf5-0288-6854-5c08-000000001b00}</Data><Data Name='ProcessId'>21304</Data><Data Name='Image'>C:\\Program Files (x86)\\Sangfor\\SSL\\ECAgent\\ECAgent.exe</Data><Data Name='FileVersion'>7.6.7.201</Data><Data Name='Description'>Agent for EasyConnect</Data><Data Name='Product'>ECAgent</Data><Data Name='Company'>Sangfor Technologies Inc.</Data><Data Name='OriginalFileName'>ECAgent.exe</Data><Data Name='CommandLine'>\"C:\\Program Files (x86)\\Sangfor\\SSL\\ECAgent\\ECAgent.exe\" --import-sys --enable-loopback</Data><Data Name='CurrentDirectory'>C:\\WINDOWS\\system32\\</Data><Data Name='User'>NT AUTHORITY\\SYSTEM</Data><Data Name='LogonGuid'>{67c6cbf5-dc1c-6853-e703-000000000000}</Data><Data Name='LogonId'>0x3e7</Data><Data Name='TerminalSessionId'>0</Data><Data Name='IntegrityLevel'>System</Data><Data Name='Hashes'>MD5=1CC0F751A7CFA2A3E0DB16F888F4B137,SHA256=C1ED4A515F21E2F2653D78C7DC6314C1C96EBE7F7AF0E3853E4F1A88A9552F15,IMPHASH=E7026603648A42654A201B60FBC06147</Data><Data Name='ParentProcessGuid'>{67c6cbf5-dc1d-6853-6400-000000001b00}</Data><Data Name='ParentProcessId'>5104</Data><Data Name='ParentImage'>C:\\Program Files (x86)\\Sangfor\\SSL\\Promote\\SangforPromoteService.exe</Data><Data Name='ParentCommandLine'>\"C:\\Program Files (x86)\\Sangfor\\SSL\\Promote\\SangforPromoteService.exe\"</Data><Data Name='ParentUser'>NT AUTHORITY\\SYSTEM</Data></EventData></Event>"
    },
    {
        "EventRawXML": "<Event xmlns='http://schemas.microsoft.com/win/2004/08/events/event'><System><Provider Name='Microsoft-Windows-Sysmon' Guid='{5770385f-c22a-43e0-bf4c-06f5698ffbd9}'/><EventID>1</EventID><Version>5</Version><Level>4</Level><Task>1</Task><Opcode>0</Opcode><Keywords>0x8000000000000000</Keywords><TimeCreated SystemTime='2025-06-19T12:28:56.5224412Z'/><EventRecordID>49884</EventRecordID><Correlation/><Execution ProcessID='5248' ThreadID='7584'/><Channel>Microsoft-Windows-Sysmon/Operational</Channel><Computer>DESKTOP-TVP7N18</Computer><Security UserID='S-1-5-18'/></System><EventData><Data Name='RuleName'>-</Data><Data Name='UtcTime'>2025-06-19 12:28:56.471</Data><Data Name='ProcessGuid'>{67c6cbf5-0288-6854-5b08-000000001b00}</Data><Data Name='ProcessId'>9328</Data><Data Name='Image'>C:\\Program Files (x86)\\Sangfor\\SSL\\ECAgent\\ECAgent.exe</Data><Data Name='FileVersion'>7.6.7.201</Data><Data Name='Description'>Agent for EasyConnect</Data><Data Name='Product'>ECAgent</Data><Data Name='Company'>Sangfor Technologies Inc.</Data><Data Name='OriginalFileName'>ECAgent.exe</Data><Data Name='CommandLine'>\"C:\\Program Files (x86)\\Sangfor\\SSL\\ECAgent\\ECAgent.exe\" --import-nss --enable-ie-loopback</Data><Data Name='CurrentDirectory'>C:\\WINDOWS\\system32\\</Data><Data Name='User'>DESKTOP-TVP7N18\\User</Data><Data Name='LogonGuid'>{67c6cbf5-dc2b-6853-b5b4-100000000000}</Data><Data Name='LogonId'>0x10b4b5</Data><Data Name='TerminalSessionId'>1</Data><Data Name='IntegrityLevel'>Medium</Data><Data Name='Hashes'>MD5=1CC0F751A7CFA2A3E0DB16F888F4B137,SHA256=C1ED4A515F21E2F2653D78C7DC6314C1C96EBE7F7AF0E3853E4F1A88A9552F15,IMPHASH=E7026603648A42654A201B60FBC06147</Data><Data Name='ParentProcessGuid'>{67c6cbf5-dc1d-6853-6400-000000001b00}</Data><Data Name='ParentProcessId'>5104</Data><Data Name='ParentImage'>C:\\Program Files (x86)\\Sangfor\\SSL\\Promote\\SangforPromoteService.exe</Data><Data Name='ParentCommandLine'>\"C:\\Program Files (x86)\\Sangfor\\SSL\\Promote\\SangforPromoteService.exe\"</Data><Data Name='ParentUser'>NT AUTHORITY\\SYSTEM</Data></EventData></Event>"
    },
    {
        "EventRawXML": "<Event xmlns='http://schemas.microsoft.com/win/2004/08/events/event'><System><Provider Name='Microsoft-Windows-Sysmon' Guid='{5770385f-c22a-43e0-bf4c-06f5698ffbd9}'/><EventID>1</EventID><Version>5</Version><Level>4</Level><Task>1</Task><Opcode>0</Opcode><Keywords>0x8000000000000000</Keywords><TimeCreated SystemTime='2025-06-19T12:27:56.3305032Z'/><EventRecordID>49883</EventRecordID><Correlation/><Execution ProcessID='5248' ThreadID='7584'/><Channel>Microsoft-Windows-Sysmon/Operational</Channel><Computer>DESKTOP-TVP7N18</Computer><Security UserID='S-1-5-18'/></System><EventData><Data Name='RuleName'>-</Data><Data Name='UtcTime'>2025-06-19 12:27:56.329</Data><Data Name='ProcessGuid'>{67c6cbf5-024c-6854-5808-000000001b00}</Data><Data Name='ProcessId'>9120</Data><Data Name='Image'>C:\\Windows\\SysWOW64\\CheckNetIsolation.exe</Data><Data Name='FileVersion'>10.0.26100.1882 (WinBuild.160101.0800)</Data><Data Name='Description'>AppContainer Network Isolation Diagnostic Tool</Data><Data Name='Product'>Microsoft® Windows® Operating System</Data><Data Name='Company'>Microsoft Corporation</Data><Data Name='OriginalFileName'>CheckNetIsolation.exe</Data><Data Name='CommandLine'>CheckNetIsolation.exe LoopbackExempt -a -n=\"Microsoft.Windows.Spartan_cw5n1h2txyewy\"</Data><Data Name='CurrentDirectory'>C:\\WINDOWS\\system32\\</Data><Data Name='User'>NT AUTHORITY\\SYSTEM</Data><Data Name='LogonGuid'>{67c6cbf5-dc1c-6853-e703-000000000000}</Data><Data Name='LogonId'>0x3e7</Data><Data Name='TerminalSessionId'>0</Data><Data Name='IntegrityLevel'>System</Data><Data Name='Hashes'>MD5=2AFD61BAB705AB20C67A5812747C6F5E,SHA256=FC923DE253D6952F9EBE0EB86BF14FF5A5781C880A243C67760418A8E37E1AB0,IMPHASH=68A876096D29AB35CC11C71C16B35D0E</Data><Data Name='ParentProcessGuid'>{67c6cbf5-024c-6854-5608-000000001b00}</Data><Data Name='ParentProcessId'>6076</Data><Data Name='ParentImage'>C:\\Program Files (x86)\\Sangfor\\SSL\\ECAgent\\ECAgent.exe</Data><Data Name='ParentCommandLine'>\"C:\\Program Files (x86)\\Sangfor\\SSL\\ECAgent\\ECAgent.exe\" --import-sys --enable-loopback</Data><Data Name='ParentUser'>NT AUTHORITY\\SYSTEM</Data></EventData></Event>"
    },
    {
        "EventRawXML": "<Event xmlns='http://schemas.microsoft.com/win/2004/08/events/event'><System><Provider Name='Microsoft-Windows-Sysmon' Guid='{5770385f-c22a-43e0-bf4c-06f5698ffbd9}'/><EventID>1</EventID><Version>5</Version><Level>4</Level><Task>1</Task><Opcode>0</Opcode><Keywords>0x8000000000000000</Keywords><TimeCreated SystemTime='2025-06-19T12:27:56.3288964Z'/><EventRecordID>49882</EventRecordID><Correlation/><Execution ProcessID='5248' ThreadID='7584'/><Channel>Microsoft-Windows-Sysmon/Operational</Channel><Computer>DESKTOP-TVP7N18</Computer><Security UserID='S-1-5-18'/></System><EventData><Data Name='RuleName'>-</Data><Data Name='UtcTime'>2025-06-19 12:27:56.327</Data><Data Name='ProcessGuid'>{67c6cbf5-024c-6854-5708-000000001b00}</Data><Data Name='ProcessId'>11452</Data><Data Name='Image'>C:\\Windows\\SysWOW64\\CheckNetIsolation.exe</Data><Data Name='FileVersion'>10.0.26100.1882 (WinBuild.160101.0800)</Data><Data Name='Description'>AppContainer Network Isolation Diagnostic Tool</Data><Data Name='Product'>Microsoft® Windows® Operating System</Data><Data Name='Company'>Microsoft Corporation</Data><Data Name='OriginalFileName'>CheckNetIsolation.exe</Data><Data Name='CommandLine'>CheckNetIsolation.exe LoopbackExempt -a -n=\"Microsoft.MicrosoftEdge_8wekyb3d8bbwe\"</Data><Data Name='CurrentDirectory'>C:\\WINDOWS\\system32\\</Data><Data Name='User'>NT AUTHORITY\\SYSTEM</Data><Data Name='LogonGuid'>{67c6cbf5-dc1c-6853-e703-000000000000}</Data><Data Name='LogonId'>0x3e7</Data><Data Name='TerminalSessionId'>0</Data><Data Name='IntegrityLevel'>System</Data><Data Name='Hashes'>MD5=2AFD61BAB705AB20C67A5812747C6F5E,SHA256=FC923DE253D6952F9EBE0EB86BF14FF5A5781C880A243C67760418A8E37E1AB0,IMPHASH=68A876096D29AB35CC11C71C16B35D0E</Data><Data Name='ParentProcessGuid'>{67c6cbf5-024c-6854-5608-000000001b00}</Data><Data Name='ParentProcessId'>6076</Data><Data Name='ParentImage'>C:\\Program Files (x86)\\Sangfor\\SSL\\ECAgent\\ECAgent.exe</Data><Data Name='ParentCommandLine'>\"C:\\Program Files (x86)\\Sangfor\\SSL\\ECAgent\\ECAgent.exe\" --import-sys --enable-loopback</Data><Data Name='ParentUser'>NT AUTHORITY\\SYSTEM</Data></EventData></Event>"
    },
