    {
        "EventRawXML": "<Event xmlns='http://schemas.microsoft.com/win/2004/08/events/event'><System><Provider Name='Microsoft-Windows-Sysmon' Guid='{5770385f-c22a-43e0-bf4c-06f5698ffbd9}'/><EventID>1</EventID><Version>5</Version><Level>4</Level><Task>1</Task><Opcode>0</Opcode><Keywords>0x8000000000000000</Keywords><TimeCreated SystemTime='2025-06-19T12:27:56.2964861Z'/><EventRecordID>49881</EventRecordID><Correlation/><Execution ProcessID='5248' ThreadID='7584'/><Channel>Microsoft-Windows-Sysmon/Operational</Channel><Computer>DESKTOP-TVP7N18</Computer><Security UserID='S-1-5-18'/></System><EventData><Data Name='RuleName'>-</Data><Data Name='UtcTime'>2025-06-19 12:27:56.253</Data><Data Name='ProcessGuid'>{67c6cbf5-024c-6854-5608-000000001b00}</Data><Data Name='ProcessId'>6076</Data><Data Name='Image'>C:\\Program Files (x86)\\Sangfor\\SSL\\ECAgent\\ECAgent.exe</Data><Data Name='FileVersion'>7.6.7.201</Data><Data Name='Description'>Agent for EasyConnect</Data><Data Name='Product'>ECAgent</Data><Data Name='Company'>Sangfor Technologies Inc.</Data><Data Name='OriginalFileName'>ECAgent.exe</Data><Data Name='CommandLine'>\"C:\\Program Files (x86)\\Sangfor\\SSL\\ECAgent\\ECAgent.exe\" --import-sys --enable-loopback</Data><Data Name='CurrentDirectory'>C:\\WINDOWS\\system32\\</Data><Data Name='User'>NT AUTHORITY\\SYSTEM</Data><Data Name='LogonGuid'>{67c6cbf5-dc1c-6853-e703-000000000000}</Data><Data Name='LogonId'>0x3e7</Data><Data Name='TerminalSessionId'>0</Data><Data Name='IntegrityLevel'>System</Data><Data Name='Hashes'>MD5=1CC0F751A7CFA2A3E0DB16F888F4B137,SHA256=C1ED4A515F21E2F2653D78C7DC6314C1C96EBE7F7AF0E3853E4F1A88A9552F15,IMPHASH=E7026603648A42654A201B60FBC06147</Data><Data Name='ParentProcessGuid'>{67c6cbf5-dc1d-6853-6400-000000001b00}</Data><Data Name='ParentProcessId'>5104</Data><Data Name='ParentImage'>C:\\Program Files (x86)\\Sangfor\\SSL\\Promote\\SangforPromoteService.exe</Data><Data Name='ParentCommandLine'>\"C:\\Program Files (x86)\\Sangfor\\SSL\\Promote\\SangforPromoteService.exe\"</Data><Data Name='ParentUser'>NT AUTHORITY\\SYSTEM</Data></EventData></Event>"
    },
    {
        "EventRawXML": "<Event xmlns='http://schemas.microsoft.com/win/2004/08/events/event'><System><Provider Name='Microsoft-Windows-Sysmon' Guid='{5770385f-c22a-43e0-bf4c-06f5698ffbd9}'/><EventID>1</EventID><Version>5</Version><Level>4</Level><Task>1</Task><Opcode>0</Opcode><Keywords>0x8000000000000000</Keywords><TimeCreated SystemTime='2025-06-19T12:27:56.2290776Z'/><EventRecordID>49880</EventRecordID><Correlation/><Execution ProcessID='5248' ThreadID='7584'/><Channel>Microsoft-Windows-Sysmon/Operational</Channel><Computer>DESKTOP-TVP7N18</Computer><Security UserID='S-1-5-18'/></System><EventData><Data Name='RuleName'>-</Data><Data Name='UtcTime'>2025-06-19 12:27:56.187</Data><Data Name='ProcessGuid'>{67c6cbf5-024c-6854-5508-000000001b00}</Data><Data Name='ProcessId'>17220</Data><Data Name='Image'>C:\\Program Files (x86)\\Sangfor\\SSL\\ECAgent\\ECAgent.exe</Data><Data Name='FileVersion'>7.6.7.201</Data><Data Name='Description'>Agent for EasyConnect</Data><Data Name='Product'>ECAgent</Data><Data Name='Company'>Sangfor Technologies Inc.</Data><Data Name='OriginalFileName'>ECAgent.exe</Data><Data Name='CommandLine'>\"C:\\Program Files (x86)\\Sangfor\\SSL\\ECAgent\\ECAgent.exe\" --import-nss --enable-ie-loopback</Data><Data Name='CurrentDirectory'>C:\\WINDOWS\\system32\\</Data><Data Name='User'>DESKTOP-TVP7N18\\User</Data><Data Name='LogonGuid'>{67c6cbf5-dc2b-6853-b5b4-100000000000}</Data><Data Name='LogonId'>0x10b4b5</Data><Data Name='TerminalSessionId'>1</Data><Data Name='IntegrityLevel'>Medium</Data><Data Name='Hashes'>MD5=1CC0F751A7CFA2A3E0DB16F888F4B137,SHA256=C1ED4A515F21E2F2653D78C7DC6314C1C96EBE7F7AF0E3853E4F1A88A9552F15,IMPHASH=E7026603648A42654A201B60FBC06147</Data><Data Name='ParentProcessGuid'>{67c6cbf5-dc1d-6853-6400-000000001b00}</Data><Data Name='ParentProcessId'>5104</Data><Data Name='ParentImage'>C:\\Program Files (x86)\\Sangfor\\SSL\\Promote\\SangforPromoteService.exe</Data><Data Name='ParentCommandLine'>\"C:\\Program Files (x86)\\Sangfor\\SSL\\Promote\\SangforPromoteService.exe\"</Data><Data Name='ParentUser'>NT AUTHORITY\\SYSTEM</Data></EventData></Event>"
    },
    {
        "EventRawXML": "<Event xmlns='http://schemas.microsoft.com/win/2004/08/events/event'><System><Provider Name='Microsoft-Windows-Sysmon' Guid='{5770385f-c22a-43e0-bf4c-06f5698ffbd9}'/><EventID>1</EventID><Version>5</Version><Level>4</Level><Task>1</Task><Opcode>0</Opcode><Keywords>0x8000000000000000</Keywords><TimeCreated SystemTime='2025-06-19T12:27:50.9656470Z'/><EventRecordID>49879</EventRecordID><Correlation/><Execution ProcessID='5248' ThreadID='7584'/><Channel>Microsoft-Windows-Sysmon/Operational</Channel><Computer>DESKTOP-TVP7N18</Computer><Security UserID='S-1-5-18'/></System><EventData><Data Name='RuleName'>-</Data><Data Name='UtcTime'>2025-06-19 12:27:50.958</Data><Data Name='ProcessGuid'>{67c6cbf5-0246-6854-5408-000000001b00}</Data><Data Name='ProcessId'>13644</Data><Data Name='Image'>C:\\Windows\\System32\\svchost.exe</Data><Data Name='FileVersion'>10.0.26100.4343 (WinBuild.160101.0800)</Data><Data Name='Description'>Host Process for Windows Services</Data><Data Name='Product'>Microsoft® Windows® Operating System</Data><Data Name='Company'>Microsoft Corporation</Data><Data Name='OriginalFileName'>svchost.exe</Data><Data Name='CommandLine'>C:\\WINDOWS\\system32\\svchost.exe -k GPSvcGroup</Data><Data Name='CurrentDirectory'>C:\\WINDOWS\\system32\\</Data><Data Name='User'>NT AUTHORITY\\SYSTEM</Data><Data Name='LogonGuid'>{67c6cbf5-dc1c-6853-e703-000000000000}</Data><Data Name='LogonId'>0x3e7</Data><Data Name='TerminalSessionId'>0</Data><Data Name='IntegrityLevel'>System</Data><Data Name='Hashes'>MD5=5A33432E6DB9DC2BE4C52E7768F0319C,SHA256=D4DF279E1201638455A81F9AE79939945589A4A01D56F610E32490686D066319,IMPHASH=DE43BD45CC98C143357416C7519ECCFD</Data><Data Name='ParentProcessGuid'>{67c6cbf5-dc1c-6853-0c00-000000001b00}</Data><Data Name='ParentProcessId'>1500</Data><Data Name='ParentImage'>C:\\Windows\\System32\\services.exe</Data><Data Name='ParentCommandLine'>C:\\WINDOWS\\system32\\services.exe</Data><Data Name='ParentUser'>NT AUTHORITY\\SYSTEM</Data></EventData></Event>"
    },
    {
        "EventRawXML": "<Event xmlns='http://schemas.microsoft.com/win/2004/08/events/event'><System><Provider Name='Microsoft-Windows-Sysmon' Guid='{5770385f-c22a-43e0-bf4c-06f5698ffbd9}'/><EventID>1</EventID><Version>5</Version><Level>4</Level><Task>1</Task><Opcode>0</Opcode><Keywords>0x8000000000000000</Keywords><TimeCreated SystemTime='2025-06-19T12:27:05.9180151Z'/><EventRecordID>49878</EventRecordID><Correlation/><Execution ProcessID='5248' ThreadID='7584'/><Channel>Microsoft-Windows-Sysmon/Operational</Channel><Computer>DESKTOP-TVP7N18</Computer><Security UserID='S-1-5-18'/></System><EventData><Data Name='RuleName'>-</Data><Data Name='UtcTime'>2025-06-19 12:27:05.884</Data><Data Name='ProcessGuid'>{67c6cbf5-0219-6854-5308-000000001b00}</Data><Data Name='ProcessId'>18676</Data><Data Name='Image'>C:\\Program Files (x86)\\Microsoft\\EdgeUpdate\\MicrosoftEdgeUpdate.exe</Data><Data Name='FileVersion'>1.3.155.85</Data><Data Name='Description'>Microsoft Edge Update</Data><Data Name='Product'>Microsoft Edge Update</Data><Data Name='Company'>Microsoft Corporation</Data><Data Name='OriginalFileName'>msedgeupdate.dll</Data><Data Name='CommandLine'>\"C:\\Program Files (x86)\\Microsoft\\EdgeUpdate\\MicrosoftEdgeUpdate.exe\" /ping PD94bWwgdmVyc2lvbj0iMS4wIiBlbmNvZGluZz0iVVRGLTgiPz48cmVxdWVzdCBwcm90b2NvbD0iMy4wIiB1cGRhdGVyPSJPbWFoYSIgdXBkYXRlcnZlcnNpb249IjEuMy4xOTUuNjEiIHNoZWxsX3ZlcnNpb249IjEuMy4xNTUuODUiIGlzbWFjaGluZT0iMSIgc2Vzc2lvbmlkPSJ7MDNDRDkyOTItOTg0Ri00NTBCLUI1RkQtM0Y0ODkwNTM4RkE5fSIgdXNlcmlkPSJ7QkVBMkU1QzUtNjU5NC00MUFCLUFFMjktNTBEMkU3OEM5NkUxfSIgaW5zdGFsbHNvdXJjZT0ic2NoZWR1bGVyIiByZXF1ZXN0aWQ9Ins5NkI5MUM1Mi1BNTdELTRCODItQTRFNC0zNEMzMDk0MkNBRUN9IiBkZWR1cD0iY3IiIGRvbWFpbmpvaW5lZD0iMCI-PGh3IGxvZ2ljYWxfY3B1cz0iMjQiIHBoeXNtZW1vcnk9IjMyIiBkaXNrX3R5cGU9IjIiIHNzZT0iMSIgc3NlMj0iMSIgc3NlMz0iMSIgc3NzZTM9IjEiIHNzZTQxPSIxIiBzc2U0Mj0iMSIgYXZ4PSIxIi8-PG9zIHBsYXRmb3JtPSJ3aW4iIHZlcnNpb249IjEwLjAuMjYxMDAuNDM1MSIgc3A9IiIgYXJjaD0ieDY0IiBwcm9kdWN0X3R5cGU9IjQ4IiBpc193aXA9IjAiIGlzX2luX2xvY2tkb3duX21vZGU9IjAiLz48b2VtIHByb2R1Y3RfbWFudWZhY3R1cmVyPSJBU1VTIiBwcm9kdWN0X25hbWU9IlN5c3RlbSBQcm9kdWN0IE5hbWUiLz48ZXhwIGV0YWc9IiZxdW90O1ZQUW9QMUYrZnExNXdSemgxa1BMNFBNcFdoOE9STUI1aXp2ck9DL2NoalE9JnF1b3Q7Ii8-PGFwcCBhcHBpZD0ie0YzQzRGRTAwLUVGRDUtNDAzQi05NTY5LTM5OEEyMEYxQkE0QX0iIHZlcnNpb249IjEuMy4xOTUuNjEiIG5leHR2ZXJzaW9uPSIiIGxhbmc9IiIgYnJhbmQ9IklOQlgiIGNsaWVudD0iIiBpbnN0YWxsYWdlPSI2MTAiIGNvaG9ydD0icnJmQDAuNjQiPjx1cGRhdGVjaGVjay8-PHBpbmcgcmQ9IjY3NDQiIHBpbmdfZnJlc2huZXNzPSJ7RkQxMEE5RjgtNzc5Ni00QUM1LUFGNkEtNkQ2OEZGMDcxNDRGfSIvPjwvYXBwPjxhcHAgYXBwaWQ9Ins1NkVCMThGOC1CMDA4LTRDQkQtQjZEMi04Qzk3RkU3RTkwNjJ9IiB2ZXJzaW9uPSIxMzcuMC4zMjk2LjgzIiBuZXh0dmVyc2lvbj0iIiBsYW5nPSIiIGJyYW5kPSJJTkJYIiBjbGllbnQ9IiIgZXhwZXJpbWVudHM9ImNvbnNlbnQ9ZmFsc2UiIGluc3RhbGxhZ2U9IjYxMCIgY29ob3J0PSJycmZAMC43MyIgb29iZV9pbnN0YWxsX3RpbWU9IjE4NDQ2NzQ0MDczNzA5NTUxNjA2IiB1cGRhdGVfY291bnQ9Ijg5IiBsYXN0X2xhdW5jaF9jb3VudD0iMSIgbGFzdF9sYXVuY2hfdGltZT0iMTMzOTQ4MDAwNTQ2MDA1MjgwIj48dXBkYXRlY2hlY2svPjxwaW5nIGFjdGl2ZT0iMSIgYWQ9IjY3NDQiIHJkPSI2NzQ0IiBwaW5nX2ZyZXNobmVzcz0iezE4REJBQ0FCLUNBNTgtNEMzRC1BMzhGLUE2Q0QyQjA5N0QxNn0iLz48L2FwcD48YXBwIGFwcGlkPSJ7RjMwMTcyMjYtRkUyQS00Mjk1LThCREYtMDBDM0E5QTdFNEM1fSIgdmVyc2lvbj0iMTM3LjAuMzI5Ni44MyIgbmV4dHZlcnNpb249IiIgbGFuZz0iIiBicmFuZD0iSU5CWCIgY2xpZW50PSIiIGV4cGVyaW1lbnRzPSJjb25zZW50PWZhbHNlIiBpbnN0YWxsYWdlPSI2MTAiIGNvaG9ydD0icnJmQDAuMzkiIHVwZGF0ZV9jb3VudD0iNzUiIGxhc3RfbGF1bmNoX2NvdW50PSIxIiBsYXN0X2xhdW5jaF90aW1lPSIxMzM5NDc5OTkzNzYyMTIwMTAiPjx1cGRhdGVjaGVjay8-PHBpbmcgYWN0aXZlPSIxIiBhPSIyIiBhZD0iNjc0MiIgcmQ9IjY3NDQiIHBpbmdfZnJlc2huZXNzPSJ7RDkxQkU5NzAtMDIyMy00MDBDLUEzMjktQkVFRjc5MjNCNkIxfSIvPjwvYXBwPjwvcmVxdWVzdD4</Data><Data Name='CurrentDirectory'>C:\\Program Files (x86)\\Microsoft\\EdgeUpdate\\1.3.195.61\\</Data><Data Name='User'>NT AUTHORITY\\SYSTEM</Data><Data Name='LogonGuid'>{67c6cbf5-dc1c-6853-e703-000000000000}</Data><Data Name='LogonId'>0x3e7</Data><Data Name='TerminalSessionId'>0</Data><Data Name='IntegrityLevel'>System</Data><Data Name='Hashes'>MD5=A4FC8EC5BC41C41918B0C1541E4E4BE6,SHA256=54545F352215A9C0F370A01980AADCD5749A93589931662D89A974D7BD60F476,IMPHASH=E00D60405A249A05D3B09AA7FE924B17</Data><Data Name='ParentProcessGuid'>{67c6cbf5-0218-6854-5208-000000001b00}</Data><Data Name='ParentProcessId'>3848</Data><Data Name='ParentImage'>C:\\Program Files (x86)\\Microsoft\\EdgeUpdate\\MicrosoftEdgeUpdate.exe</Data><Data Name='ParentCommandLine'>\"C:\\Program Files (x86)\\Microsoft\\EdgeUpdate\\MicrosoftEdgeUpdate.exe\" /svc</Data><Data Name='ParentUser'>NT AUTHORITY\\SYSTEM</Data></EventData></Event>"
    },
    {
        "EventRawXML": "<Event xmlns='http://schemas.microsoft.com/win/2004/08/events/event'><System><Provider Name='Microsoft-Windows-Sysmon' Guid='{5770385f-c22a-43e0-bf4c-06f5698ffbd9}'/><EventID>1</EventID><Version>5</Version><Level>4</Level><Task>1</Task><Opcode>0</Opcode><Keywords>0x8000000000000000</Keywords><TimeCreated SystemTime='2025-06-19T12:27:04.3768119Z'/><EventRecordID>49877</EventRecordID><Correlation/><Execution ProcessID='5248' ThreadID='7584'/><Channel>Microsoft-Windows-Sysmon/Operational</Channel><Computer>DESKTOP-TVP7N18</Computer><Security UserID='S-1-5-18'/></System><EventData><Data Name='RuleName'>-</Data><Data Name='UtcTime'>2025-06-19 12:27:04.333</Data><Data Name='ProcessGuid'>{67c6cbf5-0218-6854-5208-000000001b00}</Data><Data Name='ProcessId'>3848</Data><Data Name='Image'>C:\\Program Files (x86)\\Microsoft\\EdgeUpdate\\MicrosoftEdgeUpdate.exe</Data><Data Name='FileVersion'>1.3.155.85</Data><Data Name='Description'>Microsoft Edge Update</Data><Data Name='Product'>Microsoft Edge Update</Data><Data Name='Company'>Microsoft Corporation</Data><Data Name='OriginalFileName'>msedgeupdate.dll</Data><Data Name='CommandLine'>\"C:\\Program Files (x86)\\Microsoft\\EdgeUpdate\\MicrosoftEdgeUpdate.exe\" /svc</Data><Data Name='CurrentDirectory'>C:\\WINDOWS\\system32\\</Data><Data Name='User'>NT AUTHORITY\\SYSTEM</Data><Data Name='LogonGuid'>{67c6cbf5-dc1c-6853-e703-000000000000}</Data><Data Name='LogonId'>0x3e7</Data><Data Name='TerminalSessionId'>0</Data><Data Name='IntegrityLevel'>System</Data><Data Name='Hashes'>MD5=A4FC8EC5BC41C41918B0C1541E4E4BE6,SHA256=54545F352215A9C0F370A01980AADCD5749A93589931662D89A974D7BD60F476,IMPHASH=E00D60405A249A05D3B09AA7FE924B17</Data><Data Name='ParentProcessGuid'>{67c6cbf5-dc1c-6853-0c00-000000001b00}</Data><Data Name='ParentProcessId'>1500</Data><Data Name='ParentImage'>C:\\Windows\\System32\\services.exe</Data><Data Name='ParentCommandLine'>C:\\WINDOWS\\system32\\services.exe</Data><Data Name='ParentUser'>NT AUTHORITY\\SYSTEM</Data></EventData></Event>"
    },
    {
        "EventRawXML": "<Event xmlns='http://schemas.microsoft.com/win/2004/08/events/event'><System><Provider Name='Microsoft-Windows-Sysmon' Guid='{5770385f-c22a-43e0-bf4c-06f5698ffbd9}'/><EventID>1</EventID><Version>5</Version><Level>4</Level><Task>1</Task><Opcode>0</Opcode><Keywords>0x8000000000000000</Keywords><TimeCreated SystemTime='2025-06-19T12:26:56.0226631Z'/><EventRecordID>49876</EventRecordID><Correlation/><Execution ProcessID='5248' ThreadID='7584'/><Channel>Microsoft-Windows-Sysmon/Operational</Channel><Computer>DESKTOP-TVP7N18</Computer><Security UserID='S-1-5-18'/></System><EventData><Data Name='RuleName'>-</Data><Data Name='UtcTime'>2025-06-19 12:26:56.021</Data><Data Name='ProcessGuid'>{67c6cbf5-0210-6854-4f08-000000001b00}</Data><Data Name='ProcessId'>8608</Data><Data Name='Image'>C:\\Windows\\SysWOW64\\CheckNetIsolation.exe</Data><Data Name='FileVersion'>10.0.26100.1882 (WinBuild.160101.0800)</Data><Data Name='Description'>AppContainer Network Isolation Diagnostic Tool</Data><Data Name='Product'>Microsoft® Windows® Operating System</Data><Data Name='Company'>Microsoft Corporation</Data><Data Name='OriginalFileName'>CheckNetIsolation.exe</Data><Data Name='CommandLine'>CheckNetIsolation.exe LoopbackExempt -a -n=\"Microsoft.Windows.Spartan_cw5n1h2txyewy\"</Data><Data Name='CurrentDirectory'>C:\\WINDOWS\\system32\\</Data><Data Name='User'>NT AUTHORITY\\SYSTEM</Data><Data Name='LogonGuid'>{67c6cbf5-dc1c-6853-e703-000000000000}</Data><Data Name='LogonId'>0x3e7</Data><Data Name='TerminalSessionId'>0</Data><Data Name='IntegrityLevel'>System</Data><Data Name='Hashes'>MD5=2AFD61BAB705AB20C67A5812747C6F5E,SHA256=FC923DE253D6952F9EBE0EB86BF14FF5A5781C880A243C67760418A8E37E1AB0,IMPHASH=68A876096D29AB35CC11C71C16B35D0E</Data><Data Name='ParentProcessGuid'>{67c6cbf5-020f-6854-4d08-000000001b00}</Data><Data Name='ParentProcessId'>9508</Data><Data Name='ParentImage'>C:\\Program Files (x86)\\Sangfor\\SSL\\ECAgent\\ECAgent.exe</Data><Data Name='ParentCommandLine'>\"C:\\Program Files (x86)\\Sangfor\\SSL\\ECAgent\\ECAgent.exe\" --import-sys --enable-loopback</Data><Data Name='ParentUser'>NT AUTHORITY\\SYSTEM</Data></EventData></Event>"
    },
    {
        "EventRawXML": "<Event xmlns='http://schemas.microsoft.com/win/2004/08/events/event'><System><Provider Name='Microsoft-Windows-Sysmon' Guid='{5770385f-c22a-43e0-bf4c-06f5698ffbd9}'/><EventID>1</EventID><Version>5</Version><Level>4</Level><Task>1</Task><Opcode>0</Opcode><Keywords>0x8000000000000000</Keywords><TimeCreated SystemTime='2025-06-19T12:26:56.0212100Z'/><EventRecordID>49875</EventRecordID><Correlation/><Execution ProcessID='5248' ThreadID='7584'/><Channel>Microsoft-Windows-Sysmon/Operational</Channel><Computer>DESKTOP-TVP7N18</Computer><Security UserID='S-1-5-18'/></System><EventData><Data Name='RuleName'>-</Data><Data Name='UtcTime'>2025-06-19 12:26:56.019</Data><Data Name='ProcessGuid'>{67c6cbf5-0210-6854-4e08-000000001b00}</Data><Data Name='ProcessId'>9864</Data><Data Name='Image'>C:\\Windows\\SysWOW64\\CheckNetIsolation.exe</Data><Data Name='FileVersion'>10.0.26100.1882 (WinBuild.160101.0800)</Data><Data Name='Description'>AppContainer Network Isolation Diagnostic Tool</Data><Data Name='Product'>Microsoft® Windows® Operating System</Data><Data Name='Company'>Microsoft Corporation</Data><Data Name='OriginalFileName'>CheckNetIsolation.exe</Data><Data Name='CommandLine'>CheckNetIsolation.exe LoopbackExempt -a -n=\"Microsoft.MicrosoftEdge_8wekyb3d8bbwe\"</Data><Data Name='CurrentDirectory'>C:\\WINDOWS\\system32\\</Data><Data Name='User'>NT AUTHORITY\\SYSTEM</Data><Data Name='LogonGuid'>{67c6cbf5-dc1c-6853-e703-000000000000}</Data><Data Name='LogonId'>0x3e7</Data><Data Name='TerminalSessionId'>0</Data><Data Name='IntegrityLevel'>System</Data><Data Name='Hashes'>MD5=2AFD61BAB705AB20C67A5812747C6F5E,SHA256=FC923DE253D6952F9EBE0EB86BF14FF5A5781C880A243C67760418A8E37E1AB0,IMPHASH=68A876096D29AB35CC11C71C16B35D0E</Data><Data Name='ParentProcessGuid'>{67c6cbf5-020f-6854-4d08-000000001b00}</Data><Data Name='ParentProcessId'>9508</Data><Data Name='ParentImage'>C:\\Program Files (x86)\\Sangfor\\SSL\\ECAgent\\ECAgent.exe</Data><Data Name='ParentCommandLine'>\"C:\\Program Files (x86)\\Sangfor\\SSL\\ECAgent\\ECAgent.exe\" --import-sys --enable-loopback</Data><Data Name='ParentUser'>NT AUTHORITY\\SYSTEM</Data></EventData></Event>"
    },
    {
        "EventRawXML": "<Event xmlns='http://schemas.microsoft.com/win/2004/08/events/event'><System><Provider Name='Microsoft-Windows-Sysmon' Guid='{5770385f-c22a-43e0-bf4c-06f5698ffbd9}'/><EventID>1</EventID><Version>5</Version><Level>4</Level><Task>1</Task><Opcode>0</Opcode><Keywords>0x8000000000000000</Keywords><TimeCreated SystemTime='2025-06-19T12:26:55.9919187Z'/><EventRecordID>49874</EventRecordID><Correlation/><Execution ProcessID='5248' ThreadID='7584'/><Channel>Microsoft-Windows-Sysmon/Operational</Channel><Computer>DESKTOP-TVP7N18</Computer><Security UserID='S-1-5-18'/></System><EventData><Data Name='RuleName'>-</Data><Data Name='UtcTime'>2025-06-19 12:26:55.940</Data><Data Name='ProcessGuid'>{67c6cbf5-020f-6854-4d08-000000001b00}</Data><Data Name='ProcessId'>9508</Data><Data Name='Image'>C:\\Program Files (x86)\\Sangfor\\SSL\\ECAgent\\ECAgent.exe</Data><Data Name='FileVersion'>7.6.7.201</Data><Data Name='Description'>Agent for EasyConnect</Data><Data Name='Product'>ECAgent</Data><Data Name='Company'>Sangfor Technologies Inc.</Data><Data Name='OriginalFileName'>ECAgent.exe</Data><Data Name='CommandLine'>\"C:\\Program Files (x86)\\Sangfor\\SSL\\ECAgent\\ECAgent.exe\" --import-sys --enable-loopback</Data><Data Name='CurrentDirectory'>C:\\WINDOWS\\system32\\</Data><Data Name='User'>NT AUTHORITY\\SYSTEM</Data><Data Name='LogonGuid'>{67c6cbf5-dc1c-6853-e703-000000000000}</Data><Data Name='LogonId'>0x3e7</Data><Data Name='TerminalSessionId'>0</Data><Data Name='IntegrityLevel'>System</Data><Data Name='Hashes'>MD5=1CC0F751A7CFA2A3E0DB16F888F4B137,SHA256=C1ED4A515F21E2F2653D78C7DC6314C1C96EBE7F7AF0E3853E4F1A88A9552F15,IMPHASH=E7026603648A42654A201B60FBC06147</Data><Data Name='ParentProcessGuid'>{67c6cbf5-dc1d-6853-6400-000000001b00}</Data><Data Name='ParentProcessId'>5104</Data><Data Name='ParentImage'>C:\\Program Files (x86)\\Sangfor\\SSL\\Promote\\SangforPromoteService.exe</Data><Data Name='ParentCommandLine'>\"C:\\Program Files (x86)\\Sangfor\\SSL\\Promote\\SangforPromoteService.exe\"</Data><Data Name='ParentUser'>NT AUTHORITY\\SYSTEM</Data></EventData></Event>"
    },
    {
        "EventRawXML": "<Event xmlns='http://schemas.microsoft.com/win/2004/08/events/event'><System><Provider Name='Microsoft-Windows-Sysmon' Guid='{5770385f-c22a-43e0-bf4c-06f5698ffbd9}'/><EventID>1</EventID><Version>5</Version><Level>4</Level><Task>1</Task><Opcode>0</Opcode><Keywords>0x8000000000000000</Keywords><TimeCreated SystemTime='2025-06-19T12:26:55.9149969Z'/><EventRecordID>49873</EventRecordID><Correlation/><Execution ProcessID='5248' ThreadID='7584'/><Channel>Microsoft-Windows-Sysmon/Operational</Channel><Computer>DESKTOP-TVP7N18</Computer><Security UserID='S-1-5-18'/></System><EventData><Data Name='RuleName'>-</Data><Data Name='UtcTime'>2025-06-19 12:26:55.871</Data><Data Name='ProcessGuid'>{67c6cbf5-020f-6854-4c08-000000001b00}</Data><Data Name='ProcessId'>2308</Data><Data Name='Image'>C:\\Program Files (x86)\\Sangfor\\SSL\\ECAgent\\ECAgent.exe</Data><Data Name='FileVersion'>7.6.7.201</Data><Data Name='Description'>Agent for EasyConnect</Data><Data Name='Product'>ECAgent</Data><Data Name='Company'>Sangfor Technologies Inc.</Data><Data Name='OriginalFileName'>ECAgent.exe</Data><Data Name='CommandLine'>\"C:\\Program Files (x86)\\Sangfor\\SSL\\ECAgent\\ECAgent.exe\" --import-nss --enable-ie-loopback</Data><Data Name='CurrentDirectory'>C:\\WINDOWS\\system32\\</Data><Data Name='User'>DESKTOP-TVP7N18\\User</Data><Data Name='LogonGuid'>{67c6cbf5-dc2b-6853-b5b4-100000000000}</Data><Data Name='LogonId'>0x10b4b5</Data><Data Name='TerminalSessionId'>1</Data><Data Name='IntegrityLevel'>Medium</Data><Data Name='Hashes'>MD5=1CC0F751A7CFA2A3E0DB16F888F4B137,SHA256=C1ED4A515F21E2F2653D78C7DC6314C1C96EBE7F7AF0E3853E4F1A88A9552F15,IMPHASH=E7026603648A42654A201B60FBC06147</Data><Data Name='ParentProcessGuid'>{67c6cbf5-dc1d-6853-6400-000000001b00}</Data><Data Name='ParentProcessId'>5104</Data><Data Name='ParentImage'>C:\\Program Files (x86)\\Sangfor\\SSL\\Promote\\SangforPromoteService.exe</Data><Data Name='ParentCommandLine'>\"C:\\Program Files (x86)\\Sangfor\\SSL\\Promote\\SangforPromoteService.exe\"</Data><Data Name='ParentUser'>NT AUTHORITY\\SYSTEM</Data></EventData></Event>"
    },
    {
        "EventRawXML": "<Event xmlns='http://schemas.microsoft.com/win/2004/08/events/event'><System><Provider Name='Microsoft-Windows-Sysmon' Guid='{5770385f-c22a-43e0-bf4c-06f5698ffbd9}'/><EventID>1</EventID><Version>5</Version><Level>4</Level><Task>1</Task><Opcode>0</Opcode><Keywords>0x8000000000000000</Keywords><TimeCreated SystemTime='2025-06-19T12:26:16.5650673Z'/><EventRecordID>49872</EventRecordID><Correlation/><Execution ProcessID='5248' ThreadID='7584'/><Channel>Microsoft-Windows-Sysmon/Operational</Channel><Computer>DESKTOP-TVP7N18</Computer><Security UserID='S-1-5-18'/></System><EventData><Data Name='RuleName'>-</Data><Data Name='UtcTime'>2025-06-19 12:26:16.521</Data><Data Name='ProcessGuid'>{67c6cbf5-01e8-6854-4a08-000000001b00}</Data><Data Name='ProcessId'>10252</Data><Data Name='Image'>C:\\Program Files (x86)\\Microsoft\\EdgeUpdate\\MicrosoftEdgeUpdate.exe</Data><Data Name='FileVersion'>1.3.155.85</Data><Data Name='Description'>Microsoft Edge Update</Data><Data Name='Product'>Microsoft Edge Update</Data><Data Name='Company'>Microsoft Corporation</Data><Data Name='OriginalFileName'>msedgeupdate.dll</Data><Data Name='CommandLine'>\"C:\\Program Files (x86)\\Microsoft\\EdgeUpdate\\MicrosoftEdgeUpdate.exe\" /ua /installsource scheduler</Data><Data Name='CurrentDirectory'>C:\\WINDOWS\\system32\\</Data><Data Name='User'>NT AUTHORITY\\SYSTEM</Data><Data Name='LogonGuid'>{67c6cbf5-dc1c-6853-e703-000000000000}</Data><Data Name='LogonId'>0x3e7</Data><Data Name='TerminalSessionId'>0</Data><Data Name='IntegrityLevel'>System</Data><Data Name='Hashes'>MD5=A4FC8EC5BC41C41918B0C1541E4E4BE6,SHA256=54545F352215A9C0F370A01980AADCD5749A93589931662D89A974D7BD60F476,IMPHASH=E00D60405A249A05D3B09AA7FE924B17</Data><Data Name='ParentProcessGuid'>{67c6cbf5-dc1d-6853-3100-000000001b00}</Data><Data Name='ParentProcessId'>3304</Data><Data Name='ParentImage'>C:\\Windows\\System32\\svchost.exe</Data><Data Name='ParentCommandLine'>C:\\WINDOWS\\system32\\svchost.exe -k netsvcs -p -s Schedule</Data><Data Name='ParentUser'>NT AUTHORITY\\SYSTEM</Data></EventData></Event>"
    },
    {
        "EventRawXML": "<Event xmlns='http://schemas.microsoft.com/win/2004/08/events/event'><System><Provider Name='Microsoft-Windows-Sysmon' Guid='{5770385f-c22a-43e0-bf4c-06f5698ffbd9}'/><EventID>1</EventID><Version>5</Version><Level>4</Level><Task>1</Task><Opcode>0</Opcode><Keywords>0x8000000000000000</Keywords><TimeCreated SystemTime='2025-06-19T12:25:55.6958904Z'/><EventRecordID>49871</EventRecordID><Correlation/><Execution ProcessID='5248' ThreadID='7584'/><Channel>Microsoft-Windows-Sysmon/Operational</Channel><Computer>DESKTOP-TVP7N18</Computer><Security UserID='S-1-5-18'/></System><EventData><Data Name='RuleName'>-</Data><Data Name='UtcTime'>2025-06-19 12:25:55.695</Data><Data Name='ProcessGuid'>{67c6cbf5-01d3-6854-4708-000000001b00}</Data><Data Name='ProcessId'>20328</Data><Data Name='Image'>C:\\Windows\\SysWOW64\\CheckNetIsolation.exe</Data><Data Name='FileVersion'>10.0.26100.1882 (WinBuild.160101.0800)</Data><Data Name='Description'>AppContainer Network Isolation Diagnostic Tool</Data><Data Name='Product'>Microsoft® Windows® Operating System</Data><Data Name='Company'>Microsoft Corporation</Data><Data Name='OriginalFileName'>CheckNetIsolation.exe</Data><Data Name='CommandLine'>CheckNetIsolation.exe LoopbackExempt -a -n=\"Microsoft.Windows.Spartan_cw5n1h2txyewy\"</Data><Data Name='CurrentDirectory'>C:\\WINDOWS\\system32\\</Data><Data Name='User'>NT AUTHORITY\\SYSTEM</Data><Data Name='LogonGuid'>{67c6cbf5-dc1c-6853-e703-000000000000}</Data><Data Name='LogonId'>0x3e7</Data><Data Name='TerminalSessionId'>0</Data><Data Name='IntegrityLevel'>System</Data><Data Name='Hashes'>MD5=2AFD61BAB705AB20C67A5812747C6F5E,SHA256=FC923DE253D6952F9EBE0EB86BF14FF5A5781C880A243C67760418A8E37E1AB0,IMPHASH=68A876096D29AB35CC11C71C16B35D0E</Data><Data Name='ParentProcessGuid'>{67c6cbf5-01d3-6854-4508-000000001b00}</Data><Data Name='ParentProcessId'>20176</Data><Data Name='ParentImage'>C:\\Program Files (x86)\\Sangfor\\SSL\\ECAgent\\ECAgent.exe</Data><Data Name='ParentCommandLine'>\"C:\\Program Files (x86)\\Sangfor\\SSL\\ECAgent\\ECAgent.exe\" --import-sys --enable-loopback</Data><Data Name='ParentUser'>NT AUTHORITY\\SYSTEM</Data></EventData></Event>"
    },
    {
        "EventRawXML": "<Event xmlns='http://schemas.microsoft.com/win/2004/08/events/event'><System><Provider Name='Microsoft-Windows-Sysmon' Guid='{5770385f-c22a-43e0-bf4c-06f5698ffbd9}'/><EventID>1</EventID><Version>5</Version><Level>4</Level><Task>1</Task><Opcode>0</Opcode><Keywords>0x8000000000000000</Keywords><TimeCreated SystemTime='2025-06-19T12:25:55.6944173Z'/><EventRecordID>49870</EventRecordID><Correlation/><Execution ProcessID='5248' ThreadID='7584'/><Channel>Microsoft-Windows-Sysmon/Operational</Channel><Computer>DESKTOP-TVP7N18</Computer><Security UserID='S-1-5-18'/></System><EventData><Data Name='RuleName'>-</Data><Data Name='UtcTime'>2025-06-19 12:25:55.693</Data><Data Name='ProcessGuid'>{67c6cbf5-01d3-6854-4608-000000001b00}</Data><Data Name='ProcessId'>15588</Data><Data Name='Image'>C:\\Windows\\SysWOW64\\CheckNetIsolation.exe</Data><Data Name='FileVersion'>10.0.26100.1882 (WinBuild.160101.0800)</Data><Data Name='Description'>AppContainer Network Isolation Diagnostic Tool</Data><Data Name='Product'>Microsoft® Windows® Operating System</Data><Data Name='Company'>Microsoft Corporation</Data><Data Name='OriginalFileName'>CheckNetIsolation.exe</Data><Data Name='CommandLine'>CheckNetIsolation.exe LoopbackExempt -a -n=\"Microsoft.MicrosoftEdge_8wekyb3d8bbwe\"</Data><Data Name='CurrentDirectory'>C:\\WINDOWS\\system32\\</Data><Data Name='User'>NT AUTHORITY\\SYSTEM</Data><Data Name='LogonGuid'>{67c6cbf5-dc1c-6853-e703-000000000000}</Data><Data Name='LogonId'>0x3e7</Data><Data Name='TerminalSessionId'>0</Data><Data Name='IntegrityLevel'>System</Data><Data Name='Hashes'>MD5=2AFD61BAB705AB20C67A5812747C6F5E,SHA256=FC923DE253D6952F9EBE0EB86BF14FF5A5781C880A243C67760418A8E37E1AB0,IMPHASH=68A876096D29AB35CC11C71C16B35D0E</Data><Data Name='ParentProcessGuid'>{67c6cbf5-01d3-6854-4508-000000001b00}</Data><Data Name='ParentProcessId'>20176</Data><Data Name='ParentImage'>C:\\Program Files (x86)\\Sangfor\\SSL\\ECAgent\\ECAgent.exe</Data><Data Name='ParentCommandLine'>\"C:\\Program Files (x86)\\Sangfor\\SSL\\ECAgent\\ECAgent.exe\" --import-sys --enable-loopback</Data><Data Name='ParentUser'>NT AUTHORITY\\SYSTEM</Data></EventData></Event>"
    },
    {
        "EventRawXML": "<Event xmlns='http://schemas.microsoft.com/win/2004/08/events/event'><System><Provider Name='Microsoft-Windows-Sysmon' Guid='{5770385f-c22a-43e0-bf4c-06f5698ffbd9}'/><EventID>1</EventID><Version>5</Version><Level>4</Level><Task>1</Task><Opcode>0</Opcode><Keywords>0x8000000000000000</Keywords><TimeCreated SystemTime='2025-06-19T12:25:55.6653093Z'/><EventRecordID>49869</EventRecordID><Correlation/><Execution ProcessID='5248' ThreadID='7584'/><Channel>Microsoft-Windows-Sysmon/Operational</Channel><Computer>DESKTOP-TVP7N18</Computer><Security UserID='S-1-5-18'/></System><EventData><Data Name='RuleName'>-</Data><Data Name='UtcTime'>2025-06-19 12:25:55.620</Data><Data Name='ProcessGuid'>{67c6cbf5-01d3-6854-4508-000000001b00}</Data><Data Name='ProcessId'>20176</Data><Data Name='Image'>C:\\Program Files (x86)\\Sangfor\\SSL\\ECAgent\\ECAgent.exe</Data><Data Name='FileVersion'>7.6.7.201</Data><Data Name='Description'>Agent for EasyConnect</Data><Data Name='Product'>ECAgent</Data><Data Name='Company'>Sangfor Technologies Inc.</Data><Data Name='OriginalFileName'>ECAgent.exe</Data><Data Name='CommandLine'>\"C:\\Program Files (x86)\\Sangfor\\SSL\\ECAgent\\ECAgent.exe\" --import-sys --enable-loopback</Data><Data Name='CurrentDirectory'>C:\\WINDOWS\\system32\\</Data><Data Name='User'>NT AUTHORITY\\SYSTEM</Data><Data Name='LogonGuid'>{67c6cbf5-dc1c-6853-e703-000000000000}</Data><Data Name='LogonId'>0x3e7</Data><Data Name='TerminalSessionId'>0</Data><Data Name='IntegrityLevel'>System</Data><Data Name='Hashes'>MD5=1CC0F751A7CFA2A3E0DB16F888F4B137,SHA256=C1ED4A515F21E2F2653D78C7DC6314C1C96EBE7F7AF0E3853E4F1A88A9552F15,IMPHASH=E7026603648A42654A201B60FBC06147</Data><Data Name='ParentProcessGuid'>{67c6cbf5-dc1d-6853-6400-000000001b00}</Data><Data Name='ParentProcessId'>5104</Data><Data Name='ParentImage'>C:\\Program Files (x86)\\Sangfor\\SSL\\Promote\\SangforPromoteService.exe</Data><Data Name='ParentCommandLine'>\"C:\\Program Files (x86)\\Sangfor\\SSL\\Promote\\SangforPromoteService.exe\"</Data><Data Name='ParentUser'>NT AUTHORITY\\SYSTEM</Data></EventData></Event>"
    },
    {
        "EventRawXML": "<Event xmlns='http://schemas.microsoft.com/win/2004/08/events/event'><System><Provider Name='Microsoft-Windows-Sysmon' Guid='{5770385f-c22a-43e0-bf4c-06f5698ffbd9}'/><EventID>1</EventID><Version>5</Version><Level>4</Level><Task>1</Task><Opcode>0</Opcode><Keywords>0x8000000000000000</Keywords><TimeCreated SystemTime='2025-06-19T12:25:55.5963210Z'/><EventRecordID>49868</EventRecordID><Correlation/><Execution ProcessID='5248' ThreadID='7584'/><Channel>Microsoft-Windows-Sysmon/Operational</Channel><Computer>DESKTOP-TVP7N18</Computer><Security UserID='S-1-5-18'/></System><EventData><Data Name='RuleName'>-</Data><Data Name='UtcTime'>2025-06-19 12:25:55.539</Data><Data Name='ProcessGuid'>{67c6cbf5-01d3-6854-4408-000000001b00}</Data><Data Name='ProcessId'>16808</Data><Data Name='Image'>C:\\Program Files (x86)\\Sangfor\\SSL\\ECAgent\\ECAgent.exe</Data><Data Name='FileVersion'>7.6.7.201</Data><Data Name='Description'>Agent for EasyConnect</Data><Data Name='Product'>ECAgent</Data><Data Name='Company'>Sangfor Technologies Inc.</Data><Data Name='OriginalFileName'>ECAgent.exe</Data><Data Name='CommandLine'>\"C:\\Program Files (x86)\\Sangfor\\SSL\\ECAgent\\ECAgent.exe\" --import-nss --enable-ie-loopback</Data><Data Name='CurrentDirectory'>C:\\WINDOWS\\system32\\</Data><Data Name='User'>DESKTOP-TVP7N18\\User</Data><Data Name='LogonGuid'>{67c6cbf5-dc2b-6853-b5b4-100000000000}</Data><Data Name='LogonId'>0x10b4b5</Data><Data Name='TerminalSessionId'>1</Data><Data Name='IntegrityLevel'>Medium</Data><Data Name='Hashes'>MD5=1CC0F751A7CFA2A3E0DB16F888F4B137,SHA256=C1ED4A515F21E2F2653D78C7DC6314C1C96EBE7F7AF0E3853E4F1A88A9552F15,IMPHASH=E7026603648A42654A201B60FBC06147</Data><Data Name='ParentProcessGuid'>{67c6cbf5-dc1d-6853-6400-000000001b00}</Data><Data Name='ParentProcessId'>5104</Data><Data Name='ParentImage'>C:\\Program Files (x86)\\Sangfor\\SSL\\Promote\\SangforPromoteService.exe</Data><Data Name='ParentCommandLine'>\"C:\\Program Files (x86)\\Sangfor\\SSL\\Promote\\SangforPromoteService.exe\"</Data><Data Name='ParentUser'>NT AUTHORITY\\SYSTEM</Data></EventData></Event>"
    },
    {
        "EventRawXML": "<Event xmlns='http://schemas.microsoft.com/win/2004/08/events/event'><System><Provider Name='Microsoft-Windows-Sysmon' Guid='{5770385f-c22a-43e0-bf4c-06f5698ffbd9}'/><EventID>22</EventID><Version>5</Version><Level>4</Level><Task>22</Task><Opcode>0</Opcode><Keywords>0x8000000000000000</Keywords><TimeCreated SystemTime='2025-06-19T12:25:52.7796848Z'/><EventRecordID>49867</EventRecordID><Correlation/><Execution ProcessID='5248' ThreadID='7608'/><Channel>Microsoft-Windows-Sysmon/Operational</Channel><Computer>DESKTOP-TVP7N18</Computer><Security UserID='S-1-5-18'/></System><EventData><Data Name='RuleName'>-</Data><Data Name='UtcTime'>2025-06-19 12:25:51.054</Data><Data Name='ProcessGuid'>{67c6cbf5-dc37-6853-2a01-000000001b00}</Data><Data Name='ProcessId'>12448</Data><Data Name='QueryName'>api.onedrive.com</Data><Data Name='QueryStatus'>0</Data><Data Name='QueryResults'>type: 5 common-afdrk.fe.1drv.com;type: 5 odc-commonafdrk-geo.onedrive.akadns.net;type: 5 odc-commonafdrk-brs.onedrive.akadns.net;type: 5 common.be.1drv.com.l-0003.dc-msedge.net.l-0003.l-msedge.net;type: 5 l-0003.l-dc-msedge.net;::ffff:13.107.43.12;</Data><Data Name='Image'>C:\\Program Files\\Microsoft OneDrive\\OneDrive.exe</Data><Data Name='User'>DESKTOP-TVP7N18\\User</Data></EventData></Event>"
    },
    {
        "EventRawXML": "<Event xmlns='http://schemas.microsoft.com/win/2004/08/events/event'><System><Provider Name='Microsoft-Windows-Sysmon' Guid='{5770385f-c22a-43e0-bf4c-06f5698ffbd9}'/><EventID>1</EventID><Version>5</Version><Level>4</Level><Task>1</Task><Opcode>0</Opcode><Keywords>0x8000000000000000</Keywords><TimeCreated SystemTime='2025-06-19T12:24:55.3465653Z'/><EventRecordID>49866</EventRecordID><Correlation/><Execution ProcessID='5248' ThreadID='7584'/><Channel>Microsoft-Windows-Sysmon/Operational</Channel><Computer>DESKTOP-TVP7N18</Computer><Security UserID='S-1-5-18'/></System><EventData><Data Name='RuleName'>-</Data><Data Name='UtcTime'>2025-06-19 12:24:55.345</Data><Data Name='ProcessGuid'>{67c6cbf5-0197-6854-4108-000000001b00}</Data><Data Name='ProcessId'>14080</Data><Data Name='Image'>C:\\Windows\\SysWOW64\\CheckNetIsolation.exe</Data><Data Name='FileVersion'>10.0.26100.1882 (WinBuild.160101.0800)</Data><Data Name='Description'>AppContainer Network Isolation Diagnostic Tool</Data><Data Name='Product'>Microsoft® Windows® Operating System</Data><Data Name='Company'>Microsoft Corporation</Data><Data Name='OriginalFileName'>CheckNetIsolation.exe</Data><Data Name='CommandLine'>CheckNetIsolation.exe LoopbackExempt -a -n=\"Microsoft.Windows.Spartan_cw5n1h2txyewy\"</Data><Data Name='CurrentDirectory'>C:\\WINDOWS\\system32\\</Data><Data Name='User'>NT AUTHORITY\\SYSTEM</Data><Data Name='LogonGuid'>{67c6cbf5-dc1c-6853-e703-000000000000}</Data><Data Name='LogonId'>0x3e7</Data><Data Name='TerminalSessionId'>0</Data><Data Name='IntegrityLevel'>System</Data><Data Name='Hashes'>MD5=2AFD61BAB705AB20C67A5812747C6F5E,SHA256=FC923DE253D6952F9EBE0EB86BF14FF5A5781C880A243C67760418A8E37E1AB0,IMPHASH=68A876096D29AB35CC11C71C16B35D0E</Data><Data Name='ParentProcessGuid'>{67c6cbf5-0197-6854-3f08-000000001b00}</Data><Data Name='ParentProcessId'>13532</Data><Data Name='ParentImage'>C:\\Program Files (x86)\\Sangfor\\SSL\\ECAgent\\ECAgent.exe</Data><Data Name='ParentCommandLine'>\"C:\\Program Files (x86)\\Sangfor\\SSL\\ECAgent\\ECAgent.exe\" --import-sys --enable-loopback</Data><Data Name='ParentUser'>NT AUTHORITY\\SYSTEM</Data></EventData></Event>"
    },
    {
        "EventRawXML": "<Event xmlns='http://schemas.microsoft.com/win/2004/08/events/event'><System><Provider Name='Microsoft-Windows-Sysmon' Guid='{5770385f-c22a-43e0-bf4c-06f5698ffbd9}'/><EventID>1</EventID><Version>5</Version><Level>4</Level><Task>1</Task><Opcode>0</Opcode><Keywords>0x8000000000000000</Keywords><TimeCreated SystemTime='2025-06-19T12:24:55.3452215Z'/><EventRecordID>49865</EventRecordID><Correlation/><Execution ProcessID='5248' ThreadID='7584'/><Channel>Microsoft-Windows-Sysmon/Operational</Channel><Computer>DESKTOP-TVP7N18</Computer><Security UserID='S-1-5-18'/></System><EventData><Data Name='RuleName'>-</Data><Data Name='UtcTime'>2025-06-19 12:24:55.343</Data><Data Name='ProcessGuid'>{67c6cbf5-0197-6854-4008-000000001b00}</Data><Data Name='ProcessId'>21384</Data><Data Name='Image'>C:\\Windows\\SysWOW64\\CheckNetIsolation.exe</Data><Data Name='FileVersion'>10.0.26100.1882 (WinBuild.160101.0800)</Data><Data Name='Description'>AppContainer Network Isolation Diagnostic Tool</Data><Data Name='Product'>Microsoft® Windows® Operating System</Data><Data Name='Company'>Microsoft Corporation</Data><Data Name='OriginalFileName'>CheckNetIsolation.exe</Data><Data Name='CommandLine'>CheckNetIsolation.exe LoopbackExempt -a -n=\"Microsoft.MicrosoftEdge_8wekyb3d8bbwe\"</Data><Data Name='CurrentDirectory'>C:\\WINDOWS\\system32\\</Data><Data Name='User'>NT AUTHORITY\\SYSTEM</Data><Data Name='LogonGuid'>{67c6cbf5-dc1c-6853-e703-000000000000}</Data><Data Name='LogonId'>0x3e7</Data><Data Name='TerminalSessionId'>0</Data><Data Name='IntegrityLevel'>System</Data><Data Name='Hashes'>MD5=2AFD61BAB705AB20C67A5812747C6F5E,SHA256=FC923DE253D6952F9EBE0EB86BF14FF5A5781C880A243C67760418A8E37E1AB0,IMPHASH=68A876096D29AB35CC11C71C16B35D0E</Data><Data Name='ParentProcessGuid'>{67c6cbf5-0197-6854-3f08-000000001b00}</Data><Data Name='ParentProcessId'>13532</Data><Data Name='ParentImage'>C:\\Program Files (x86)\\Sangfor\\SSL\\ECAgent\\ECAgent.exe</Data><Data Name='ParentCommandLine'>\"C:\\Program Files (x86)\\Sangfor\\SSL\\ECAgent\\ECAgent.exe\" --import-sys --enable-loopback</Data><Data Name='ParentUser'>NT AUTHORITY\\SYSTEM</Data></EventData></Event>"
    },
    {
        "EventRawXML": "<Event xmlns='http://schemas.microsoft.com/win/2004/08/events/event'><System><Provider Name='Microsoft-Windows-Sysmon' Guid='{5770385f-c22a-43e0-bf4c-06f5698ffbd9}'/><EventID>1</EventID><Version>5</Version><Level>4</Level><Task>1</Task><Opcode>0</Opcode><Keywords>0x8000000000000000</Keywords><TimeCreated SystemTime='2025-06-19T12:24:55.3170129Z'/><EventRecordID>49864</EventRecordID><Correlation/><Execution ProcessID='5248' ThreadID='7584'/><Channel>Microsoft-Windows-Sysmon/Operational</Channel><Computer>DESKTOP-TVP7N18</Computer><Security UserID='S-1-5-18'/></System><EventData><Data Name='RuleName'>-</Data><Data Name='UtcTime'>2025-06-19 12:24:55.269</Data><Data Name='ProcessGuid'>{67c6cbf5-0197-6854-3f08-000000001b00}</Data><Data Name='ProcessId'>13532</Data><Data Name='Image'>C:\\Program Files (x86)\\Sangfor\\SSL\\ECAgent\\ECAgent.exe</Data><Data Name='FileVersion'>7.6.7.201</Data><Data Name='Description'>Agent for EasyConnect</Data><Data Name='Product'>ECAgent</Data><Data Name='Company'>Sangfor Technologies Inc.</Data><Data Name='OriginalFileName'>ECAgent.exe</Data><Data Name='CommandLine'>\"C:\\Program Files (x86)\\Sangfor\\SSL\\ECAgent\\ECAgent.exe\" --import-sys --enable-loopback</Data><Data Name='CurrentDirectory'>C:\\WINDOWS\\system32\\</Data><Data Name='User'>NT AUTHORITY\\SYSTEM</Data><Data Name='LogonGuid'>{67c6cbf5-dc1c-6853-e703-000000000000}</Data><Data Name='LogonId'>0x3e7</Data><Data Name='TerminalSessionId'>0</Data><Data Name='IntegrityLevel'>System</Data><Data Name='Hashes'>MD5=1CC0F751A7CFA2A3E0DB16F888F4B137,SHA256=C1ED4A515F21E2F2653D78C7DC6314C1C96EBE7F7AF0E3853E4F1A88A9552F15,IMPHASH=E7026603648A42654A201B60FBC06147</Data><Data Name='ParentProcessGuid'>{67c6cbf5-dc1d-6853-6400-000000001b00}</Data><Data Name='ParentProcessId'>5104</Data><Data Name='ParentImage'>C:\\Program Files (x86)\\Sangfor\\SSL\\Promote\\SangforPromoteService.exe</Data><Data Name='ParentCommandLine'>\"C:\\Program Files (x86)\\Sangfor\\SSL\\Promote\\SangforPromoteService.exe\"</Data><Data Name='ParentUser'>NT AUTHORITY\\SYSTEM</Data></EventData></Event>"
    },
    {
        "EventRawXML": "<Event xmlns='http://schemas.microsoft.com/win/2004/08/events/event'><System><Provider Name='Microsoft-Windows-Sysmon' Guid='{5770385f-c22a-43e0-bf4c-06f5698ffbd9}'/><EventID>1</EventID><Version>5</Version><Level>4</Level><Task>1</Task><Opcode>0</Opcode><Keywords>0x8000000000000000</Keywords><TimeCreated SystemTime='2025-06-19T12:24:55.2458303Z'/><EventRecordID>49863</EventRecordID><Correlation/><Execution ProcessID='5248' ThreadID='7584'/><Channel>Microsoft-Windows-Sysmon/Operational</Channel><Computer>DESKTOP-TVP7N18</Computer><Security UserID='S-1-5-18'/></System><EventData><Data Name='RuleName'>-</Data><Data Name='UtcTime'>2025-06-19 12:24:55.196</Data><Data Name='ProcessGuid'>{67c6cbf5-0197-6854-3e08-000000001b00}</Data><Data Name='ProcessId'>21328</Data><Data Name='Image'>C:\\Program Files (x86)\\Sangfor\\SSL\\ECAgent\\ECAgent.exe</Data><Data Name='FileVersion'>7.6.7.201</Data><Data Name='Description'>Agent for EasyConnect</Data><Data Name='Product'>ECAgent</Data><Data Name='Company'>Sangfor Technologies Inc.</Data><Data Name='OriginalFileName'>ECAgent.exe</Data><Data Name='CommandLine'>\"C:\\Program Files (x86)\\Sangfor\\SSL\\ECAgent\\ECAgent.exe\" --import-nss --enable-ie-loopback</Data><Data Name='CurrentDirectory'>C:\\WINDOWS\\system32\\</Data><Data Name='User'>DESKTOP-TVP7N18\\User</Data><Data Name='LogonGuid'>{67c6cbf5-dc2b-6853-b5b4-100000000000}</Data><Data Name='LogonId'>0x10b4b5</Data><Data Name='TerminalSessionId'>1</Data><Data Name='IntegrityLevel'>Medium</Data><Data Name='Hashes'>MD5=1CC0F751A7CFA2A3E0DB16F888F4B137,SHA256=C1ED4A515F21E2F2653D78C7DC6314C1C96EBE7F7AF0E3853E4F1A88A9552F15,IMPHASH=E7026603648A42654A201B60FBC06147</Data><Data Name='ParentProcessGuid'>{67c6cbf5-dc1d-6853-6400-000000001b00}</Data><Data Name='ParentProcessId'>5104</Data><Data Name='ParentImage'>C:\\Program Files (x86)\\Sangfor\\SSL\\Promote\\SangforPromoteService.exe</Data><Data Name='ParentCommandLine'>\"C:\\Program Files (x86)\\Sangfor\\SSL\\Promote\\SangforPromoteService.exe\"</Data><Data Name='ParentUser'>NT AUTHORITY\\SYSTEM</Data></EventData></Event>"
    },
    {
        "EventRawXML": "<Event xmlns='http://schemas.microsoft.com/win/2004/08/events/event'><System><Provider Name='Microsoft-Windows-Sysmon' Guid='{5770385f-c22a-43e0-bf4c-06f5698ffbd9}'/><EventID>22</EventID><Version>5</Version><Level>4</Level><Task>22</Task><Opcode>0</Opcode><Keywords>0x8000000000000000</Keywords><TimeCreated SystemTime='2025-06-19T12:24:20.0766396Z'/><EventRecordID>49862</EventRecordID><Correlation/><Execution ProcessID='5248' ThreadID='7608'/><Channel>Microsoft-Windows-Sysmon/Operational</Channel><Computer>DESKTOP-TVP7N18</Computer><Security UserID='S-1-5-18'/></System><EventData><Data Name='RuleName'>-</Data><Data Name='UtcTime'>2025-06-19 12:24:18.084</Data><Data Name='ProcessGuid'>{67c6cbf5-f0b2-6853-ca05-000000001b00}</Data><Data Name='ProcessId'>16788</Data><Data Name='QueryName'>api100-eeft-mixed-quic-v6-lf.feishu.cn</Data><Data Name='QueryStatus'>0</Data><Data Name='QueryResults'>type: 5 direct-dualstack.eeft-lb-v3.lf.bytelb.net;::ffff:221.194.131.205;::ffff:221.194.131.206;</Data><Data Name='Image'>D:\\Feishu\\app\\Feishu.exe</Data><Data Name='User'>DESKTOP-TVP7N18\\User</Data></EventData></Event>"
    },
    {
        "EventRawXML": "<Event xmlns='http://schemas.microsoft.com/win/2004/08/events/event'><System><Provider Name='Microsoft-Windows-Sysmon' Guid='{5770385f-c22a-43e0-bf4c-06f5698ffbd9}'/><EventID>5</EventID><Version>3</Version><Level>4</Level><Task>5</Task><Opcode>0</Opcode><Keywords>0x8000000000000000</Keywords><TimeCreated SystemTime='2025-06-19T12:24:12.4981461Z'/><EventRecordID>49861</EventRecordID><Correlation/><Execution ProcessID='5248' ThreadID='7584'/><Channel>Microsoft-Windows-Sysmon/Operational</Channel><Computer>DESKTOP-TVP7N18</Computer><Security UserID='S-1-5-18'/></System><EventData><Data Name='RuleName'>-</Data><Data Name='UtcTime'>2025-06-19 12:24:12.498</Data><Data Name='ProcessGuid'>{67c6cbf5-015a-6854-3708-000000001b00}</Data><Data Name='ProcessId'>21220</Data><Data Name='Image'>C:\\Users\\User\\AppData\\Local\\Temp\\6859E932-23E7-47C3-878A-CA0A881AAED8\\Focus.exe</Data><Data Name='User'>DESKTOP-TVP7N18\\User</Data></EventData></Event>"
    },
    {
        "EventRawXML": "<Event xmlns='http://schemas.microsoft.com/win/2004/08/events/event'><System><Provider Name='Microsoft-Windows-Sysmon' Guid='{5770385f-c22a-43e0-bf4c-06f5698ffbd9}'/><EventID>6</EventID><Version>4</Version><Level>4</Level><Task>6</Task><Opcode>0</Opcode><Keywords>0x8000000000000000</Keywords><TimeCreated SystemTime='2025-06-19T12:23:55.5751922Z'/><EventRecordID>49860</EventRecordID><Correlation/><Execution ProcessID='5248' ThreadID='7592'/><Channel>Microsoft-Windows-Sysmon/Operational</Channel><Computer>DESKTOP-TVP7N18</Computer><Security UserID='S-1-5-18'/></System><EventData><Data Name='RuleName'>-</Data><Data Name='UtcTime'>2025-06-19 12:23:55.569</Data><Data Name='ImageLoaded'>C:\\Windows\\System32\\drivers\\AntiInfectDrv.sys</Data><Data Name='Hashes'>MD5=3C35135826BD48EF97C7C31CAE76849C,SHA256=44C5C822F3D1052B3E3B5873FBCCF99E5A2A7B89A6ECF2B7C75607242F761FEF,IMPHASH=F52ECAA582BDDE88C0A32424C0F5635A</Data><Data Name='Signed'>true</Data><Data Name='Signature'>Qi An Xin Technology Group Inc.</Data><Data Name='SignatureStatus'>Valid</Data></EventData></Event>"
    },
    {
        "EventRawXML": "<Event xmlns='http://schemas.microsoft.com/win/2004/08/events/event'><System><Provider Name='Microsoft-Windows-Sysmon' Guid='{5770385f-c22a-43e0-bf4c-06f5698ffbd9}'/><EventID>11</EventID><Version>2</Version><Level>4</Level><Task>11</Task><Opcode>0</Opcode><Keywords>0x8000000000000000</Keywords><TimeCreated SystemTime='2025-06-19T12:23:55.4837730Z'/><EventRecordID>49859</EventRecordID><Correlation/><Execution ProcessID='5248' ThreadID='7584'/><Channel>Microsoft-Windows-Sysmon/Operational</Channel><Computer>DESKTOP-TVP7N18</Computer><Security UserID='S-1-5-18'/></System><EventData><Data Name='RuleName'>-</Data><Data Name='UtcTime'>2025-06-19 12:23:55.483</Data><Data Name='ProcessGuid'>{67c6cbf5-015a-6854-3708-000000001b00}</Data><Data Name='ProcessId'>21220</Data><Data Name='Image'>C:\\Users\\User\\AppData\\Local\\Temp\\6859E932-23E7-47C3-878A-CA0A881AAED8\\Focus.exe</Data><Data Name='TargetFilename'>C:\\Windows\\System32\\drivers\\AntiInfectDrv.sys</Data><Data Name='CreationUtcTime'>2025-06-16 07:13:27.098</Data><Data Name='User'>DESKTOP-TVP7N18\\User</Data></EventData></Event>"
    },
    {
        "EventRawXML": "<Event xmlns='http://schemas.microsoft.com/win/2004/08/events/event'><System><Provider Name='Microsoft-Windows-Sysmon' Guid='{5770385f-c22a-43e0-bf4c-06f5698ffbd9}'/><EventID>1</EventID><Version>5</Version><Level>4</Level><Task>1</Task><Opcode>0</Opcode><Keywords>0x8000000000000000</Keywords><TimeCreated SystemTime='2025-06-19T12:23:55.0826980Z'/><EventRecordID>49858</EventRecordID><Correlation/><Execution ProcessID='5248' ThreadID='7584'/><Channel>Microsoft-Windows-Sysmon/Operational</Channel><Computer>DESKTOP-TVP7N18</Computer><Security UserID='S-1-5-18'/></System><EventData><Data Name='RuleName'>-</Data><Data Name='UtcTime'>2025-06-19 12:23:55.081</Data><Data Name='ProcessGuid'>{67c6cbf5-015b-6854-3b08-000000001b00}</Data><Data Name='ProcessId'>3340</Data><Data Name='Image'>C:\\Windows\\SysWOW64\\CheckNetIsolation.exe</Data><Data Name='FileVersion'>10.0.26100.1882 (WinBuild.160101.0800)</Data><Data Name='Description'>AppContainer Network Isolation Diagnostic Tool</Data><Data Name='Product'>Microsoft® Windows® Operating System</Data><Data Name='Company'>Microsoft Corporation</Data><Data Name='OriginalFileName'>CheckNetIsolation.exe</Data><Data Name='CommandLine'>CheckNetIsolation.exe LoopbackExempt -a -n=\"Microsoft.Windows.Spartan_cw5n1h2txyewy\"</Data><Data Name='CurrentDirectory'>C:\\WINDOWS\\system32\\</Data><Data Name='User'>NT AUTHORITY\\SYSTEM</Data><Data Name='LogonGuid'>{67c6cbf5-dc1c-6853-e703-000000000000}</Data><Data Name='LogonId'>0x3e7</Data><Data Name='TerminalSessionId'>0</Data><Data Name='IntegrityLevel'>System</Data><Data Name='Hashes'>MD5=2AFD61BAB705AB20C67A5812747C6F5E,SHA256=FC923DE253D6952F9EBE0EB86BF14FF5A5781C880A243C67760418A8E37E1AB0,IMPHASH=68A876096D29AB35CC11C71C16B35D0E</Data><Data Name='ParentProcessGuid'>{67c6cbf5-015a-6854-3908-000000001b00}</Data><Data Name='ParentProcessId'>3668</Data><Data Name='ParentImage'>C:\\Program Files (x86)\\Sangfor\\SSL\\ECAgent\\ECAgent.exe</Data><Data Name='ParentCommandLine'>\"C:\\Program Files (x86)\\Sangfor\\SSL\\ECAgent\\ECAgent.exe\" --import-sys --enable-loopback</Data><Data Name='ParentUser'>NT AUTHORITY\\SYSTEM</Data></EventData></Event>"
    },
